This is pdfTeX, Version 3.1415926-2.5-1.40.14 (TeX Live 2013/Debian) (format=pdflatex 2014.8.7)  21 FEB 2016 01:37
entering extended mode
 restricted \write18 enabled.
 file:line:error style messages enabled.
 %&-line parsing enabled.
**\input citasEMM.tex
(./citasEMM.tex (/usr/share/texlive/texmf-dist/tex/latex/base/article.cls
Document Class: article 2007/10/19 v1.4h Standard LaTeX document class
(/usr/share/texlive/texmf-dist/tex/latex/base/size12.clo
File: size12.clo 2007/10/19 v1.4h Standard LaTeX file (size option)
)
\c@part=\count79
\c@section=\count80
\c@subsection=\count81
\c@subsubsection=\count82
\c@paragraph=\count83
\c@subparagraph=\count84
\c@figure=\count85
\c@table=\count86
\abovecaptionskip=\skip41
\belowcaptionskip=\skip42
\bibindent=\dimen102
)
(/usr/share/texlive/texmf-dist/tex/latex/geometry/geometry.sty
Package: geometry 2010/09/12 v5.6 Page Geometry

(/usr/share/texlive/texmf-dist/tex/latex/graphics/keyval.sty
Package: keyval 1999/03/16 v1.13 key=value parser (DPC)
\KV@toks@=\toks14
)
(/usr/share/texlive/texmf-dist/tex/generic/oberdiek/ifpdf.sty
Package: ifpdf 2011/01/30 v2.3 Provides the ifpdf switch (HO)
Package ifpdf Info: pdfTeX in PDF mode is detected.
)
(/usr/share/texlive/texmf-dist/tex/generic/oberdiek/ifvtex.sty
Package: ifvtex 2010/03/01 v1.5 Detect VTeX and its facilities (HO)
Package ifvtex Info: VTeX not detected.
)
(/usr/share/texlive/texmf-dist/tex/generic/ifxetex/ifxetex.sty
Package: ifxetex 2010/09/12 v0.6 Provides ifxetex conditional
)
\Gm@cnth=\count87
\Gm@cntv=\count88
\c@Gm@tempcnt=\count89
\Gm@bindingoffset=\dimen103
\Gm@wd@mp=\dimen104
\Gm@odd@mp=\dimen105
\Gm@even@mp=\dimen106
\Gm@layoutwidth=\dimen107
\Gm@layoutheight=\dimen108
\Gm@layouthoffset=\dimen109
\Gm@layoutvoffset=\dimen110
\Gm@dimlist=\toks15
)
(/usr/share/texlive/texmf-dist/tex/latex/ae/ae.sty
Package: ae 2001/02/12 1.3 Almost European Computer Modern

(/usr/share/texlive/texmf-dist/tex/latex/base/fontenc.sty
Package: fontenc 2005/09/27 v1.99g Standard LaTeX package

(/usr/share/texlive/texmf-dist/tex/latex/base/t1enc.def
File: t1enc.def 2005/09/27 v1.99g Standard LaTeX file
LaTeX Font Info:    Redeclaring font encoding T1 on input line 43.
)
LaTeX Font Info:    Try loading font information for T1+aer on input line 100.

(/usr/share/texlive/texmf-dist/tex/latex/ae/t1aer.fd
File: t1aer.fd 1997/11/16 Font definitions for T1/aer.
)))
(/usr/share/texlive/texmf-dist/tex/latex/base/fontenc.sty
Package: fontenc 2005/09/27 v1.99g Standard LaTeX package

(/usr/share/texlive/texmf-dist/tex/latex/base/t1enc.def
File: t1enc.def 2005/09/27 v1.99g Standard LaTeX file
LaTeX Font Info:    Redeclaring font encoding T1 on input line 43.
))
(/usr/share/texlive/texmf-dist/tex/latex/base/inputenc.sty
Package: inputenc 2008/03/30 v1.1d Input encoding file
\inpenc@prehook=\toks16
\inpenc@posthook=\toks17

(/usr/share/texlive/texmf-dist/tex/latex/base/ansinew.def
File: ansinew.def 2008/03/30 v1.1d Input encoding file
))
(/usr/share/texlive/texmf-dist/tex/latex/amsmath/amsmath.sty
Package: amsmath 2013/01/14 v2.14 AMS math features
\@mathmargin=\skip43

For additional information on amsmath, use the `?' option.
(/usr/share/texlive/texmf-dist/tex/latex/amsmath/amstext.sty
Package: amstext 2000/06/29 v2.01

(/usr/share/texlive/texmf-dist/tex/latex/amsmath/amsgen.sty
File: amsgen.sty 1999/11/30 v2.0
\@emptytoks=\toks18
\ex@=\dimen111
))
(/usr/share/texlive/texmf-dist/tex/latex/amsmath/amsbsy.sty
Package: amsbsy 1999/11/29 v1.2d
\pmbraise@=\dimen112
)
(/usr/share/texlive/texmf-dist/tex/latex/amsmath/amsopn.sty
Package: amsopn 1999/12/14 v2.01 operator names
)
\inf@bad=\count90
LaTeX Info: Redefining \frac on input line 210.
\uproot@=\count91
\leftroot@=\count92
LaTeX Info: Redefining \overline on input line 306.
\classnum@=\count93
\DOTSCASE@=\count94
LaTeX Info: Redefining \ldots on input line 378.
LaTeX Info: Redefining \dots on input line 381.
LaTeX Info: Redefining \cdots on input line 466.
\Mathstrutbox@=\box26
\strutbox@=\box27
\big@size=\dimen113
LaTeX Font Info:    Redeclaring font encoding OML on input line 566.
LaTeX Font Info:    Redeclaring font encoding OMS on input line 567.
\macc@depth=\count95
\c@MaxMatrixCols=\count96
\dotsspace@=\muskip10
\c@parentequation=\count97
\dspbrk@lvl=\count98
\tag@help=\toks19
\row@=\count99
\column@=\count100
\maxfields@=\count101
\andhelp@=\toks20
\eqnshift@=\dimen114
\alignsep@=\dimen115
\tagshift@=\dimen116
\tagwidth@=\dimen117
\totwidth@=\dimen118
\lineht@=\dimen119
\@envbody=\toks21
\multlinegap=\skip44
\multlinetaggap=\skip45
\mathdisplay@stack=\toks22
LaTeX Info: Redefining \[ on input line 2665.
LaTeX Info: Redefining \] on input line 2666.
)
(/usr/share/texlive/texmf-dist/tex/latex/amsfonts/amssymb.sty
Package: amssymb 2013/01/14 v3.01 AMS font symbols

(/usr/share/texlive/texmf-dist/tex/latex/amsfonts/amsfonts.sty
Package: amsfonts 2013/01/14 v3.01 Basic AMSFonts support
\symAMSa=\mathgroup4
\symAMSb=\mathgroup5
LaTeX Font Info:    Overwriting math alphabet `\mathfrak' in version `bold'
(Font)                  U/euf/m/n --> U/euf/b/n on input line 106.
))
(/usr/share/texlive/texmf-dist/tex/latex/url/url.sty
\Urlmuskip=\muskip11
Package: url 2013/09/16  ver 3.4  Verb mode for urls, etc.
)
(/usr/share/texlive/texmf-dist/tex/latex/setspace/setspace.sty
Package: setspace 2011/12/19 v6.7a set line spacing
)
(/usr/share/texlive/texmf-dist/tex/latex/graphics/color.sty
Package: color 2005/11/14 v1.0j Standard LaTeX Color (DPC)

(/etc/texmf/tex/latex/config/color.cfg
File: color.cfg 2007/01/18 v1.5 color configuration of teTeX/TeXLive
)
Package color Info: Driver file: pdftex.def on input line 130.

(/usr/share/texlive/texmf-dist/tex/latex/pdftex-def/pdftex.def
File: pdftex.def 2011/05/27 v0.06d Graphics/color for pdfTeX

(/usr/share/texlive/texmf-dist/tex/generic/oberdiek/infwarerr.sty
Package: infwarerr 2010/04/08 v1.3 Providing info/warning/error messages (HO)
)
(/usr/share/texlive/texmf-dist/tex/generic/oberdiek/ltxcmds.sty
Package: ltxcmds 2011/11/09 v1.22 LaTeX kernel commands for general use (HO)
)
\Gread@gobject=\count102
))
(/usr/share/texlive/texmf-dist/tex/latex/base/ifthen.sty
Package: ifthen 2001/05/26 v1.1c Standard LaTeX ifthen package (DPC)
)
(/usr/share/texlive/texmf-dist/tex/generic/babel/babel.sty
Package: babel 2013/12/03 3.9h The Babel package

(/usr/share/texlive/texmf-dist/tex/generic/babel-spanish/spanish.ldf
Language: spanish.ldf 2014/01/29 v5.0m Spanish support from the babel system

(/usr/share/texlive/texmf-dist/tex/generic/babel/babel.def
File: babel.def 2013/12/03 3.9h Babel common definitions
\babel@savecnt=\count103
\U@D=\dimen120
)
\es@datefmt=\count104
\es@quottoks=\toks23
\es@quotdepth=\count105
Package babel Info: Making " an active character on input line 496.
Package babel Info: Making . an active character on input line 599.
Package babel Info: Making < an active character on input line 644.
Package babel Info: Making > an active character on input line 644.
))
(/usr/share/texlive/texmf-dist/tex/latex/enumitem/enumitem.sty
Package: enumitem 2011/09/28 v3.5.2 Customized lists
\labelindent=\skip46
\enit@outerparindent=\dimen121
\enit@toks=\toks24
\enit@inbox=\box28
\enitdp@description=\count106
)
(/usr/share/texlive/texmf-dist/tex/latex/hyperref/hyperref.sty
Package: hyperref 2012/11/06 v6.83m Hypertext links for LaTeX

(/usr/share/texlive/texmf-dist/tex/generic/oberdiek/hobsub-hyperref.sty
Package: hobsub-hyperref 2012/05/28 v1.13 Bundle oberdiek, subset hyperref (HO)


(/usr/share/texlive/texmf-dist/tex/generic/oberdiek/hobsub-generic.sty
Package: hobsub-generic 2012/05/28 v1.13 Bundle oberdiek, subset generic (HO)
Package: hobsub 2012/05/28 v1.13 Construct package bundles (HO)
Package hobsub Info: Skipping package `infwarerr' (already loaded).
Package hobsub Info: Skipping package `ltxcmds' (already loaded).
Package: ifluatex 2010/03/01 v1.3 Provides the ifluatex switch (HO)
Package ifluatex Info: LuaTeX not detected.
Package hobsub Info: Skipping package `ifvtex' (already loaded).
Package: intcalc 2007/09/27 v1.1 Expandable calculations with integers (HO)
Package hobsub Info: Skipping package `ifpdf' (already loaded).
Package: etexcmds 2011/02/16 v1.5 Avoid name clashes with e-TeX commands (HO)
Package etexcmds Info: Could not find \expanded.
(etexcmds)             That can mean that you are not using pdfTeX 1.50 or
(etexcmds)             that some package has redefined \expanded.
(etexcmds)             In the latter case, load this package earlier.
Package: kvsetkeys 2012/04/25 v1.16 Key value parser (HO)
Package: kvdefinekeys 2011/04/07 v1.3 Define keys (HO)
Package: pdftexcmds 2011/11/29 v0.20 Utility functions of pdfTeX for LuaTeX (HO
)
Package pdftexcmds Info: LuaTeX not detected.
Package pdftexcmds Info: \pdf@primitive is available.
Package pdftexcmds Info: \pdf@ifprimitive is available.
Package pdftexcmds Info: \pdfdraftmode found.
Package: pdfescape 2011/11/25 v1.13 Implements pdfTeX's escape features (HO)
Package: bigintcalc 2012/04/08 v1.3 Expandable calculations on big integers (HO
)
Package: bitset 2011/01/30 v1.1 Handle bit-vector datatype (HO)
Package: uniquecounter 2011/01/30 v1.2 Provide unlimited unique counter (HO)
)
Package hobsub Info: Skipping package `hobsub' (already loaded).
Package: letltxmacro 2010/09/02 v1.4 Let assignment for LaTeX macros (HO)
Package: hopatch 2012/05/28 v1.2 Wrapper for package hooks (HO)
Package: xcolor-patch 2011/01/30 xcolor patch
Package: atveryend 2011/06/30 v1.8 Hooks at the very end of document (HO)
Package atveryend Info: \enddocument detected (standard20110627).
Package: atbegshi 2011/10/05 v1.16 At begin shipout hook (HO)
Package: refcount 2011/10/16 v3.4 Data extraction from label references (HO)
Package: hycolor 2011/01/30 v1.7 Color options for hyperref/bookmark (HO)
)
(/usr/share/texlive/texmf-dist/tex/latex/oberdiek/auxhook.sty
Package: auxhook 2011/03/04 v1.3 Hooks for auxiliary files (HO)
)
(/usr/share/texlive/texmf-dist/tex/latex/oberdiek/kvoptions.sty
Package: kvoptions 2011/06/30 v3.11 Key value format for package options (HO)
)
\@linkdim=\dimen122
\Hy@linkcounter=\count107
\Hy@pagecounter=\count108

(/usr/share/texlive/texmf-dist/tex/latex/hyperref/pd1enc.def
File: pd1enc.def 2012/11/06 v6.83m Hyperref: PDFDocEncoding definition (HO)
)
\Hy@SavedSpaceFactor=\count109

(/usr/share/texlive/texmf-dist/tex/latex/latexconfig/hyperref.cfg
File: hyperref.cfg 2002/06/06 v1.2 hyperref configuration of TeXLive
)
Package hyperref Info: Option `colorlinks' set `true' on input line 4319.
Package hyperref Info: Hyper figures OFF on input line 4443.
Package hyperref Info: Link nesting OFF on input line 4448.
Package hyperref Info: Hyper index ON on input line 4451.
Package hyperref Info: Plain pages OFF on input line 4458.
Package hyperref Info: Backreferencing OFF on input line 4463.
Package hyperref Info: Implicit mode ON; LaTeX internals redefined.
Package hyperref Info: Bookmarks ON on input line 4688.
\c@Hy@tempcnt=\count110
LaTeX Info: Redefining \url on input line 5041.
\XeTeXLinkMargin=\dimen123
\Fld@menulength=\count111
\Field@Width=\dimen124
\Fld@charsize=\dimen125
Package hyperref Info: Hyper figures OFF on input line 6295.
Package hyperref Info: Link nesting OFF on input line 6300.
Package hyperref Info: Hyper index ON on input line 6303.
Package hyperref Info: backreferencing OFF on input line 6310.
Package hyperref Info: Link coloring ON on input line 6313.
Package hyperref Info: Link coloring with OCG OFF on input line 6320.
Package hyperref Info: PDF/A mode OFF on input line 6325.
LaTeX Info: Redefining \ref on input line 6365.
LaTeX Info: Redefining \pageref on input line 6369.
\Hy@abspage=\count112
\c@Item=\count113
\c@Hfootnote=\count114
)

Package hyperref Message: Driver (autodetected): hpdftex.

(/usr/share/texlive/texmf-dist/tex/latex/hyperref/hpdftex.def
File: hpdftex.def 2012/11/06 v6.83m Hyperref driver for pdfTeX
\Fld@listcount=\count115
\c@bookmark@seq@number=\count116

(/usr/share/texlive/texmf-dist/tex/latex/oberdiek/rerunfilecheck.sty
Package: rerunfilecheck 2011/04/15 v1.7 Rerun checks for auxiliary files (HO)
Package uniquecounter Info: New unique counter `rerunfilecheck' on input line 2
82.
)
\Hy@SectionHShift=\skip47
)
(/usr/share/texlive/texmf-dist/tex/latex/natbib/natbib.sty
Package: natbib 2010/09/13 8.31b (PWD, AO)
\bibhang=\skip48
\bibsep=\skip49
LaTeX Info: Redefining \cite on input line 694.
\c@NAT@ctr=\count117
)
(/usr/share/texlive/texmf-dist/tex/latex/natbib/bibentry.sty
Package: bibentry 2007/10/30 1.5 (PWD)
)
(/usr/share/texlive/texmf-dist/tex/latex/psnfss/mathptmx.sty
Package: mathptmx 2005/04/12 PSNFSS-v9.2a Times w/ Math, improved (SPQR, WaS) 
LaTeX Font Info:    Redeclaring symbol font `operators' on input line 28.
LaTeX Font Info:    Overwriting symbol font `operators' in version `normal'
(Font)                  OT1/cmr/m/n --> OT1/ztmcm/m/n on input line 28.
LaTeX Font Info:    Overwriting symbol font `operators' in version `bold'
(Font)                  OT1/cmr/bx/n --> OT1/ztmcm/m/n on input line 28.
LaTeX Font Info:    Redeclaring symbol font `letters' on input line 29.
LaTeX Font Info:    Overwriting symbol font `letters' in version `normal'
(Font)                  OML/cmm/m/it --> OML/ztmcm/m/it on input line 29.
LaTeX Font Info:    Overwriting symbol font `letters' in version `bold'
(Font)                  OML/cmm/b/it --> OML/ztmcm/m/it on input line 29.
LaTeX Font Info:    Redeclaring symbol font `symbols' on input line 30.
LaTeX Font Info:    Overwriting symbol font `symbols' in version `normal'
(Font)                  OMS/cmsy/m/n --> OMS/ztmcm/m/n on input line 30.
LaTeX Font Info:    Overwriting symbol font `symbols' in version `bold'
(Font)                  OMS/cmsy/b/n --> OMS/ztmcm/m/n on input line 30.
LaTeX Font Info:    Redeclaring symbol font `largesymbols' on input line 31.
LaTeX Font Info:    Overwriting symbol font `largesymbols' in version `normal'
(Font)                  OMX/cmex/m/n --> OMX/ztmcm/m/n on input line 31.
LaTeX Font Info:    Overwriting symbol font `largesymbols' in version `bold'
(Font)                  OMX/cmex/m/n --> OMX/ztmcm/m/n on input line 31.
\symbold=\mathgroup6
\symitalic=\mathgroup7
LaTeX Font Info:    Redeclaring math alphabet \mathbf on input line 34.
LaTeX Font Info:    Overwriting math alphabet `\mathbf' in version `normal'
(Font)                  OT1/cmr/bx/n --> OT1/ptm/bx/n on input line 34.
LaTeX Font Info:    Overwriting math alphabet `\mathbf' in version `bold'
(Font)                  OT1/cmr/bx/n --> OT1/ptm/bx/n on input line 34.
LaTeX Font Info:    Redeclaring math alphabet \mathit on input line 35.
LaTeX Font Info:    Overwriting math alphabet `\mathit' in version `normal'
(Font)                  OT1/cmr/m/it --> OT1/ptm/m/it on input line 35.
LaTeX Font Info:    Overwriting math alphabet `\mathit' in version `bold'
(Font)                  OT1/cmr/bx/it --> OT1/ptm/m/it on input line 35.
LaTeX Info: Redefining \hbar on input line 50.
)
(/usr/share/texlive/texmf-dist/tex/latex/psnfss/helvet.sty
Package: helvet 2005/04/12 PSNFSS-v9.2a (WaS) 
)
(/usr/share/texlive/texmf-dist/tex/latex/psnfss/courier.sty
Package: courier 2005/04/12 PSNFSS-v9.2a (WaS) 
)
(/usr/share/texlive/texmf-dist/tex/latex/l3packages/xparse/xparse.sty
(/usr/share/texlive/texmf-dist/tex/latex/l3kernel/expl3.sty
(/usr/share/texlive/texmf-dist/tex/latex/l3kernel/l3names.sty
(/usr/share/texlive/texmf-dist/tex/latex/l3kernel/l3bootstrap.sty
Package: l3bootstrap 2014/01/04 v4640 L3 Experimental bootstrap code
)
Package: l3names 2014/01/04 v4640 L3 Namespace for primitives
)
(/usr/share/texlive/texmf-dist/tex/latex/etex-pkg/etex.sty
Package: etex 1998/03/26 v2.0 eTeX basic definition package (PEB)
\et@xins=\count118
)
Package: expl3 2014/01/07 v4646 L3 Experimental code bundle wrapper

(/usr/share/texlive/texmf-dist/tex/latex/l3kernel/l3basics.sty
Package: l3basics 2014/01/04 v4642 L3 Basic definitions
)
(/usr/share/texlive/texmf-dist/tex/latex/l3kernel/l3expan.sty
Package: l3expan 2014/01/04 v4642 L3 Argument expansion
)
(/usr/share/texlive/texmf-dist/tex/latex/l3kernel/l3tl.sty
Package: l3tl 2013/12/27 v4625 L3 Token lists
)
(/usr/share/texlive/texmf-dist/tex/latex/l3kernel/l3seq.sty
Package: l3seq 2013/12/14 v4623 L3 Sequences and stacks
)
(/usr/share/texlive/texmf-dist/tex/latex/l3kernel/l3int.sty
Package: l3int 2013/08/02 v4583 L3 Integers
\c_max_int=\count119
\l_tmpa_int=\count120
\l_tmpb_int=\count121
\g_tmpa_int=\count122
\g_tmpb_int=\count123
)
(/usr/share/texlive/texmf-dist/tex/latex/l3kernel/l3quark.sty
Package: l3quark 2013/12/14 v4623 L3 Quarks
)
(/usr/share/texlive/texmf-dist/tex/latex/l3kernel/l3prg.sty
Package: l3prg 2014/01/04 v4642 L3 Control structures
\g__prg_map_int=\count124
)
(/usr/share/texlive/texmf-dist/tex/latex/l3kernel/l3clist.sty
Package: l3clist 2013/07/28 v4581 L3 Comma separated lists
)
(/usr/share/texlive/texmf-dist/tex/latex/l3kernel/l3token.sty
Package: l3token 2013/08/25 v4587 L3 Experimental token manipulation
)
(/usr/share/texlive/texmf-dist/tex/latex/l3kernel/l3prop.sty
Package: l3prop 2013/12/14 v4623 L3 Property lists
)
(/usr/share/texlive/texmf-dist/tex/latex/l3kernel/l3msg.sty
Package: l3msg 2013/07/28 v4581 L3 Messages
)
(/usr/share/texlive/texmf-dist/tex/latex/l3kernel/l3file.sty
Package: l3file 2013/10/13 v4596 L3 File and I/O operations
\l_iow_line_count_int=\count125
\l__iow_target_count_int=\count126
\l__iow_current_line_int=\count127
\l__iow_current_word_int=\count128
\l__iow_current_indentation_int=\count129
)
(/usr/share/texlive/texmf-dist/tex/latex/l3kernel/l3skip.sty
Package: l3skip 2013/07/28 v4581 L3 Dimensions and skips
\c_zero_dim=\dimen126
\c_max_dim=\dimen127
\l_tmpa_dim=\dimen128
\l_tmpb_dim=\dimen129
\g_tmpa_dim=\dimen130
\g_tmpb_dim=\dimen131
\c_zero_skip=\skip50
\c_max_skip=\skip51
\l_tmpa_skip=\skip52
\l_tmpb_skip=\skip53
\g_tmpa_skip=\skip54
\g_tmpb_skip=\skip55
\c_zero_muskip=\muskip12
\c_max_muskip=\muskip13
\l_tmpa_muskip=\muskip14
\l_tmpb_muskip=\muskip15
\g_tmpa_muskip=\muskip16
\g_tmpb_muskip=\muskip17
)
(/usr/share/texlive/texmf-dist/tex/latex/l3kernel/l3keys.sty
Package: l3keys 2013/12/08 v4614 L3 Experimental key-value interfaces
\g__keyval_level_int=\count130
\l_keys_choice_int=\count131
)
(/usr/share/texlive/texmf-dist/tex/latex/l3kernel/l3fp.sty
Package: l3fp 2014/01/04 v4642 L3 Floating points
\c__fp_leading_shift_int=\count132
\c__fp_middle_shift_int=\count133
\c__fp_trailing_shift_int=\count134
\c__fp_big_leading_shift_int=\count135
\c__fp_big_middle_shift_int=\count136
\c__fp_big_trailing_shift_int=\count137
\c__fp_Bigg_leading_shift_int=\count138
\c__fp_Bigg_middle_shift_int=\count139
\c__fp_Bigg_trailing_shift_int=\count140
)
(/usr/share/texlive/texmf-dist/tex/latex/l3kernel/l3box.sty
Package: l3box 2013/07/28 v4581 L3 Experimental boxes
\c_empty_box=\box29
\l_tmpa_box=\box30
\l_tmpb_box=\box31
\g_tmpa_box=\box32
\g_tmpb_box=\box33
)
(/usr/share/texlive/texmf-dist/tex/latex/l3kernel/l3coffins.sty
Package: l3coffins 2013/12/14 v4624 L3 Coffin code layer
\l__coffin_internal_box=\box34
\l__coffin_internal_dim=\dimen132
\l__coffin_offset_x_dim=\dimen133
\l__coffin_offset_y_dim=\dimen134
\l__coffin_x_dim=\dimen135
\l__coffin_y_dim=\dimen136
\l__coffin_x_prime_dim=\dimen137
\l__coffin_y_prime_dim=\dimen138
\c_empty_coffin=\box35
\l__coffin_aligned_coffin=\box36
\l__coffin_aligned_internal_coffin=\box37
\l_tmpa_coffin=\box38
\l_tmpb_coffin=\box39
\l__coffin_display_coffin=\box40
\l__coffin_display_coord_coffin=\box41
\l__coffin_display_pole_coffin=\box42
\l__coffin_display_offset_dim=\dimen139
\l__coffin_display_x_dim=\dimen140
\l__coffin_display_y_dim=\dimen141
)
(/usr/share/texlive/texmf-dist/tex/latex/l3kernel/l3color.sty
Package: l3color 2012/08/29 v4156 L3 Experimental color support
)
(/usr/share/texlive/texmf-dist/tex/latex/l3kernel/l3luatex.sty
Package: l3luatex 2013/07/28 v4581 L3 Experimental LuaTeX-specific functions
\g__cctab_allocate_int=\count141
\g__cctab_stack_int=\count142
)
(/usr/share/texlive/texmf-dist/tex/latex/l3kernel/l3candidates.sty
Package: l3candidates 2014/01/06 v4643 L3 Experimental additions to l3kernel
\l__box_top_dim=\dimen142
\l__box_bottom_dim=\dimen143
\l__box_left_dim=\dimen144
\l__box_right_dim=\dimen145
\l__box_top_new_dim=\dimen146
\l__box_bottom_new_dim=\dimen147
\l__box_left_new_dim=\dimen148
\l__box_right_new_dim=\dimen149
\l__box_internal_box=\box43
\l__coffin_bounding_shift_dim=\dimen150
\l__coffin_left_corner_dim=\dimen151
\l__coffin_right_corner_dim=\dimen152
\l__coffin_bottom_corner_dim=\dimen153
\l__coffin_top_corner_dim=\dimen154
\l__coffin_scaled_total_height_dim=\dimen155
\l__coffin_scaled_width_dim=\dimen156
))
Package: xparse 2013/12/31 v4634 L3 Experimental document command parser
\l__xparse_current_arg_int=\count143
\l__xparse_m_args_int=\count144
\l__xparse_mandatory_args_int=\count145
\l__xparse_processor_int=\count146
\l__xparse_v_nesting_int=\count147
)

LaTeX Warning: Unused global option(s):
    [letter].

(./citasEMM.aux
LaTeX Info: Redefining \. on input line 114.
LaTeX Info: Redefining \% on input line 114.
LaTeX Info: Redefining \. on input line 118.
LaTeX Info: Redefining \% on input line 118.
)
\openout1 = `citasEMM.aux'.

LaTeX Font Info:    Checking defaults for OML/cmm/m/it on input line 104.
LaTeX Font Info:    ... okay on input line 104.
LaTeX Font Info:    Checking defaults for T1/cmr/m/n on input line 104.
LaTeX Font Info:    ... okay on input line 104.
LaTeX Font Info:    Checking defaults for OT1/cmr/m/n on input line 104.
LaTeX Font Info:    ... okay on input line 104.
LaTeX Font Info:    Checking defaults for OMS/cmsy/m/n on input line 104.
LaTeX Font Info:    ... okay on input line 104.
LaTeX Font Info:    Checking defaults for OMX/cmex/m/n on input line 104.
LaTeX Font Info:    ... okay on input line 104.
LaTeX Font Info:    Checking defaults for U/cmr/m/n on input line 104.
LaTeX Font Info:    ... okay on input line 104.
LaTeX Font Info:    Checking defaults for PD1/pdf/m/n on input line 104.
LaTeX Font Info:    ... okay on input line 104.
LaTeX Font Info:    Try loading font information for T1+ptm on input line 104.
 (/usr/share/texlive/texmf-dist/tex/latex/psnfss/t1ptm.fd
File: t1ptm.fd 2001/06/04 font definitions for T1/ptm.
)
(/usr/share/texlive/texmf-dist/tex/latex/graphics/graphics.sty
Package: graphics 2009/02/05 v1.0o Standard LaTeX Graphics (DPC,SPQR)

(/usr/share/texlive/texmf-dist/tex/latex/graphics/trig.sty
Package: trig 1999/03/16 v1.09 sin cos tan (DPC)
)
(/etc/texmf/tex/latex/config/graphics.cfg
File: graphics.cfg 2009/08/28 v1.8 graphics configuration of TeX Live
)
Package graphics Info: Driver file: pdftex.def on input line 91.
)
*geometry* driver: auto-detecting
*geometry* detected driver: pdftex
*geometry* verbose mode - [ preamble ] result:
* driver: pdftex
* paper: letterpaper
* layout: <same size as paper>
* layoutoffset:(h,v)=(0.0pt,0.0pt)
* modes: 
* h-part:(L,W,R)=(90.3375pt, 433.62001pt, 90.3375pt)
* v-part:(T,H,B)=(72.26999pt, 650.43001pt, 72.26999pt)
* \paperwidth=614.295pt
* \paperheight=794.96999pt
* \textwidth=433.62001pt
* \textheight=650.43001pt
* \oddsidemargin=18.0675pt
* \evensidemargin=18.0675pt
* \topmargin=-37.0pt
* \headheight=12.0pt
* \headsep=25.0pt
* \topskip=12.0pt
* \footskip=30.0pt
* \marginparwidth=44.0pt
* \marginparsep=10.0pt
* \columnsep=10.0pt
* \skip\footins=10.8pt plus 4.0pt minus 2.0pt
* \hoffset=0.0pt
* \voffset=0.0pt
* \mag=1000
* \@twocolumnfalse
* \@twosidefalse
* \@mparswitchfalse
* \@reversemarginfalse
* (1in=72.27pt=25.4mm, 1cm=28.453pt)

(/usr/share/texlive/texmf-dist/tex/context/base/supp-pdf.mkii
[Loading MPS to PDF converter (version 2006.09.02).]
\scratchcounter=\count148
\scratchdimen=\dimen157
\scratchbox=\box44
\nofMPsegments=\count149
\nofMParguments=\count150
\everyMPshowfont=\toks25
\MPscratchCnt=\count151
\MPscratchDim=\dimen158
\MPnumerator=\count152
\makeMPintoPDFobject=\count153
\everyMPtoPDFconversion=\toks26
)
LaTeX Info: Redefining \. on input line 104.
LaTeX Info: Redefining \% on input line 104.
\AtBeginShipoutBox=\box45
Package hyperref Info: Link coloring ON on input line 104.
 (/usr/share/texlive/texmf-dist/tex/latex/hyperref/nameref.sty
Package: nameref 2012/10/27 v2.43 Cross-referencing by name of section

(/usr/share/texlive/texmf-dist/tex/generic/oberdiek/gettitlestring.sty
Package: gettitlestring 2010/12/03 v1.4 Cleanup title references (HO)
)
\c@section@level=\count154
)
LaTeX Info: Redefining \ref on input line 104.
LaTeX Info: Redefining \pageref on input line 104.
LaTeX Info: Redefining \nameref on input line 104.

(./citasEMM.out) (./citasEMM.out)
\@outlinefile=\write3
\openout3 = `citasEMM.out'.

 (./citasEMM.bbl)
LaTeX Info: Redefining \. on input line 108.
LaTeX Info: Redefining \% on input line 108.
LaTeX Font Info:    Font shape `T1/ptm/bx/n' in size <12> not available
(Font)              Font shape `T1/ptm/b/n' tried instead on input line 115.
LaTeX Font Info:    Font shape `T1/ptm/bx/n' in size <20.74> not available
(Font)              Font shape `T1/ptm/b/n' tried instead on input line 115.
LaTeX Font Info:    Try loading font information for OT1+ztmcm on input line 15
9.

(/usr/share/texlive/texmf-dist/tex/latex/psnfss/ot1ztmcm.fd
File: ot1ztmcm.fd 2000/01/03 Fontinst v1.801 font definitions for OT1/ztmcm.
)
LaTeX Font Info:    Try loading font information for OML+ztmcm on input line 15
9.

(/usr/share/texlive/texmf-dist/tex/latex/psnfss/omlztmcm.fd
File: omlztmcm.fd 2000/01/03 Fontinst v1.801 font definitions for OML/ztmcm.
)
LaTeX Font Info:    Try loading font information for OMS+ztmcm on input line 15
9.

(/usr/share/texlive/texmf-dist/tex/latex/psnfss/omsztmcm.fd
File: omsztmcm.fd 2000/01/03 Fontinst v1.801 font definitions for OMS/ztmcm.
)
LaTeX Font Info:    Try loading font information for OMX+ztmcm on input line 15
9.

(/usr/share/texlive/texmf-dist/tex/latex/psnfss/omxztmcm.fd
File: omxztmcm.fd 2000/01/03 Fontinst v1.801 font definitions for OMX/ztmcm.
)
LaTeX Font Info:    Try loading font information for OT1+ptm on input line 159.


(/usr/share/texlive/texmf-dist/tex/latex/psnfss/ot1ptm.fd
File: ot1ptm.fd 2001/06/04 font definitions for OT1/ptm.
)
LaTeX Font Info:    Font shape `OT1/ptm/bx/n' in size <12> not available
(Font)              Font shape `OT1/ptm/b/n' tried instead on input line 159.
LaTeX Font Info:    Font shape `OT1/ptm/bx/n' in size <9> not available
(Font)              Font shape `OT1/ptm/b/n' tried instead on input line 159.
LaTeX Font Info:    Font shape `OT1/ptm/bx/n' in size <7> not available
(Font)              Font shape `OT1/ptm/b/n' tried instead on input line 159.

Overfull \hbox (6.79999pt too wide) in paragraph at lines 159--160
[][]
 []


Underfull \hbox (badness 10000) in paragraph at lines 159--160

 []

LaTeX Font Info:    Font shape `T1/ptm/bx/n' in size <10> not available
(Font)              Font shape `T1/ptm/b/n' tried instead on input line 162.
LaTeX Font Info:    Font shape `OT1/ptm/bx/n' in size <10> not available
(Font)              Font shape `OT1/ptm/b/n' tried instead on input line 162.
LaTeX Font Info:    Font shape `OT1/ptm/bx/n' in size <7.4> not available
(Font)              Font shape `OT1/ptm/b/n' tried instead on input line 162.
LaTeX Font Info:    Font shape `OT1/ptm/bx/n' in size <6> not available
(Font)              Font shape `OT1/ptm/b/n' tried instead on input line 162.

Overfull \hbox (6.79999pt too wide) in paragraph at lines 175--176
[][] 
 []


Overfull \hbox (6.79999pt too wide) in paragraph at lines 220--221
[][] 
 []


Overfull \hbox (6.79999pt too wide) in paragraph at lines 254--255
[][] 
 []

Package babel Info: Redefining spanish shorthand <<
(babel)             in language  on input line 262.
Package babel Info: Redefining spanish shorthand >>
(babel)             in language  on input line 262.
Package babel Info: Redefining spanish shorthand "=
(babel)             in language  on input line 262.
Package babel Info: Redefining spanish shorthand "~
(babel)             in language  on input line 262.
Package babel Info: Redefining spanish shorthand "!
(babel)             in language  on input line 262.
Package babel Info: Redefining spanish shorthand "?
(babel)             in language  on input line 262.
Package babel Info: Redefining spanish shorthand <<
(babel)             in language  on input line 262.
Package babel Info: Redefining spanish shorthand >>
(babel)             in language  on input line 262.
Package babel Info: Redefining spanish shorthand "=
(babel)             in language  on input line 262.
Package babel Info: Redefining spanish shorthand "~
(babel)             in language  on input line 262.
Package babel Info: Redefining spanish shorthand "!
(babel)             in language  on input line 262.
Package babel Info: Redefining spanish shorthand "?
(babel)             in language  on input line 262.
[1

{/var/lib/texmf/fonts/map/pdftex/updmap/pdftex.map}]
LaTeX Font Info:    Try loading font information for T1+pcr on input line 298.

(/usr/share/texlive/texmf-dist/tex/latex/psnfss/t1pcr.fd
File: t1pcr.fd 2001/06/04 font definitions for T1/pcr.
)
Overfull \hbox (6.79999pt too wide) in paragraph at lines 298--299
[][] 
 []


Overfull \hbox (6.79999pt too wide) in paragraph at lines 357--358
[][] 
 []

pdfTeX warning (ext4): destination with the same identifier (name{cite.santos.e
tal.controlAgenda.2014}) has been already used, duplicate ignored
<to be read again> 
                   \relax 
l.365 ...\bibentry{santos.etal.controlAgenda.2014}
                                                   (\textbf{Chile}). $\right...

Overfull \hbox (6.79999pt too wide) in paragraph at lines 381--382
[][] 
 []

Package babel Info: Redefining spanish shorthand <<
(babel)             in language  on input line 400.
Package babel Info: Redefining spanish shorthand >>
(babel)             in language  on input line 400.
Package babel Info: Redefining spanish shorthand "=
(babel)             in language  on input line 400.
Package babel Info: Redefining spanish shorthand "~
(babel)             in language  on input line 400.
Package babel Info: Redefining spanish shorthand "!
(babel)             in language  on input line 400.
Package babel Info: Redefining spanish shorthand "?
(babel)             in language  on input line 400.
Package babel Info: Redefining spanish shorthand <<
(babel)             in language  on input line 400.
Package babel Info: Redefining spanish shorthand >>
(babel)             in language  on input line 400.
Package babel Info: Redefining spanish shorthand "=
(babel)             in language  on input line 400.
Package babel Info: Redefining spanish shorthand "~
(babel)             in language  on input line 400.
Package babel Info: Redefining spanish shorthand "!
(babel)             in language  on input line 400.
Package babel Info: Redefining spanish shorthand "?
(babel)             in language  on input line 400.
[2]
Package babel Info: Redefining spanish shorthand <<
(babel)             in language  on input line 494.
Package babel Info: Redefining spanish shorthand >>
(babel)             in language  on input line 494.
Package babel Info: Redefining spanish shorthand "=
(babel)             in language  on input line 494.
Package babel Info: Redefining spanish shorthand "~
(babel)             in language  on input line 494.
Package babel Info: Redefining spanish shorthand "!
(babel)             in language  on input line 494.
Package babel Info: Redefining spanish shorthand "?
(babel)             in language  on input line 494.
Package babel Info: Redefining spanish shorthand <<
(babel)             in language  on input line 494.
Package babel Info: Redefining spanish shorthand >>
(babel)             in language  on input line 494.
Package babel Info: Redefining spanish shorthand "=
(babel)             in language  on input line 494.
Package babel Info: Redefining spanish shorthand "~
(babel)             in language  on input line 494.
Package babel Info: Redefining spanish shorthand "!
(babel)             in language  on input line 494.
Package babel Info: Redefining spanish shorthand "?
(babel)             in language  on input line 494.
 [3]
Overfull \hbox (6.79999pt too wide) in paragraph at lines 539--540
[][] 
 []


Overfull \hbox (6.79999pt too wide) in paragraph at lines 566--567
[][] 
 []


Overfull \hbox (6.79999pt too wide) in paragraph at lines 601--602
[][] 
 []


Overfull \hbox (6.79999pt too wide) in paragraph at lines 641--642
[][] 
 []

Package babel Info: Redefining spanish shorthand <<
(babel)             in language  on input line 659.
Package babel Info: Redefining spanish shorthand >>
(babel)             in language  on input line 659.
Package babel Info: Redefining spanish shorthand "=
(babel)             in language  on input line 659.
Package babel Info: Redefining spanish shorthand "~
(babel)             in language  on input line 659.
Package babel Info: Redefining spanish shorthand "!
(babel)             in language  on input line 659.
Package babel Info: Redefining spanish shorthand "?
(babel)             in language  on input line 659.
Package babel Info: Redefining spanish shorthand <<
(babel)             in language  on input line 659.
Package babel Info: Redefining spanish shorthand >>
(babel)             in language  on input line 659.
Package babel Info: Redefining spanish shorthand "=
(babel)             in language  on input line 659.
Package babel Info: Redefining spanish shorthand "~
(babel)             in language  on input line 659.
Package babel Info: Redefining spanish shorthand "!
(babel)             in language  on input line 659.
Package babel Info: Redefining spanish shorthand "?
(babel)             in language  on input line 659.
[4]
Overfull \hbox (6.79999pt too wide) in paragraph at lines 682--683
[][] 
 []


Overfull \hbox (6.79999pt too wide) in paragraph at lines 752--753
[][] 
 []


Overfull \hbox (1.79584pt too wide) in paragraph at lines 765--767
[]\T1/ptm/m/n/10 Silva Her-zog Már-quez, J. (2004) ``La pre-si-den-cia en jue-g
o'' \T1/ptm/m/it/10 Re-for-ma \T1/ptm/m/n/10 6 de di-ciem-bre (\T1/ptm/b/n/10 M
éxico\T1/ptm/m/n/10 ). $\OMS/ztmcm/m/n/10 !$ [][]\T1/ptm/m/n/10 prue-
 []

Package babel Info: Redefining spanish shorthand <<
(babel)             in language  on input line 785.
Package babel Info: Redefining spanish shorthand >>
(babel)             in language  on input line 785.
Package babel Info: Redefining spanish shorthand "=
(babel)             in language  on input line 785.
Package babel Info: Redefining spanish shorthand "~
(babel)             in language  on input line 785.
Package babel Info: Redefining spanish shorthand "!
(babel)             in language  on input line 785.
Package babel Info: Redefining spanish shorthand "?
(babel)             in language  on input line 785.
Package babel Info: Redefining spanish shorthand <<
(babel)             in language  on input line 785.
Package babel Info: Redefining spanish shorthand >>
(babel)             in language  on input line 785.
Package babel Info: Redefining spanish shorthand "=
(babel)             in language  on input line 785.
Package babel Info: Redefining spanish shorthand "~
(babel)             in language  on input line 785.
Package babel Info: Redefining spanish shorthand "!
(babel)             in language  on input line 785.
Package babel Info: Redefining spanish shorthand "?
(babel)             in language  on input line 785.
[5]
Overfull \hbox (2.77658pt too wide) in paragraph at lines 797--798
[]\T1/ptm/m/n/10 Coronel, A. and Za-mi-chiei, B. (2013).  Go-ber-na-do-res, ma-
triz pro-duc-ti-va pro-vin-cial y re-la-ción ejecutivo-
 []


Overfull \hbox (6.79999pt too wide) in paragraph at lines 817--818
[][] 
 []


Overfull \hbox (6.79999pt too wide) in paragraph at lines 853--854
[][] 
 []

pdfTeX warning (ext4): destination with the same identifier (name{cite.garcia.m
ontero.presidentes.2009}) has been already used, duplicate ignored
<to be read again> 
                   \relax 
l.867 ...bibentry{garcia.montero.presidentes.2009}
                                                   (\textbf{España}). $\righ...
pdfTeX warning (ext4): destination with the same identifier (name{cite.santos.e
tal.controlAgenda.2014}) has been already used, duplicate ignored
<to be read again> 
                   \relax 
l.874 ...\bibentry{santos.etal.controlAgenda.2014}
                                                   (\textbf{Chile}). $\right...

Overfull \hbox (6.79999pt too wide) in paragraph at lines 909--910
[][] 
 []

Package babel Info: Redefining spanish shorthand <<
(babel)             in language  on input line 930.
Package babel Info: Redefining spanish shorthand >>
(babel)             in language  on input line 930.
Package babel Info: Redefining spanish shorthand "=
(babel)             in language  on input line 930.
Package babel Info: Redefining spanish shorthand "~
(babel)             in language  on input line 930.
Package babel Info: Redefining spanish shorthand "!
(babel)             in language  on input line 930.
Package babel Info: Redefining spanish shorthand "?
(babel)             in language  on input line 930.
Package babel Info: Redefining spanish shorthand <<
(babel)             in language  on input line 930.
Package babel Info: Redefining spanish shorthand >>
(babel)             in language  on input line 930.
Package babel Info: Redefining spanish shorthand "=
(babel)             in language  on input line 930.
Package babel Info: Redefining spanish shorthand "~
(babel)             in language  on input line 930.
Package babel Info: Redefining spanish shorthand "!
(babel)             in language  on input line 930.
Package babel Info: Redefining spanish shorthand "?
(babel)             in language  on input line 930.
[6]
Package babel Info: Redefining spanish shorthand <<
(babel)             in language  on input line 1047.
Package babel Info: Redefining spanish shorthand >>
(babel)             in language  on input line 1047.
Package babel Info: Redefining spanish shorthand "=
(babel)             in language  on input line 1047.
Package babel Info: Redefining spanish shorthand "~
(babel)             in language  on input line 1047.
Package babel Info: Redefining spanish shorthand "!
(babel)             in language  on input line 1047.
Package babel Info: Redefining spanish shorthand "?
(babel)             in language  on input line 1047.
Package babel Info: Redefining spanish shorthand <<
(babel)             in language  on input line 1047.
Package babel Info: Redefining spanish shorthand >>
(babel)             in language  on input line 1047.
Package babel Info: Redefining spanish shorthand "=
(babel)             in language  on input line 1047.
Package babel Info: Redefining spanish shorthand "~
(babel)             in language  on input line 1047.
Package babel Info: Redefining spanish shorthand "!
(babel)             in language  on input line 1047.
Package babel Info: Redefining spanish shorthand "?
(babel)             in language  on input line 1047.
 [7]
Package babel Info: Redefining spanish shorthand <<
(babel)             in language  on input line 1287.
Package babel Info: Redefining spanish shorthand >>
(babel)             in language  on input line 1287.
Package babel Info: Redefining spanish shorthand "=
(babel)             in language  on input line 1287.
Package babel Info: Redefining spanish shorthand "~
(babel)             in language  on input line 1287.
Package babel Info: Redefining spanish shorthand "!
(babel)             in language  on input line 1287.
Package babel Info: Redefining spanish shorthand "?
(babel)             in language  on input line 1287.
Package babel Info: Redefining spanish shorthand <<
(babel)             in language  on input line 1287.
Package babel Info: Redefining spanish shorthand >>
(babel)             in language  on input line 1287.
Package babel Info: Redefining spanish shorthand "=
(babel)             in language  on input line 1287.
Package babel Info: Redefining spanish shorthand "~
(babel)             in language  on input line 1287.
Package babel Info: Redefining spanish shorthand "!
(babel)             in language  on input line 1287.
Package babel Info: Redefining spanish shorthand "?
(babel)             in language  on input line 1287.
 [8]
Overfull \hbox (6.79999pt too wide) in paragraph at lines 1296--1297
[][] 
 []

Package babel Info: Redefining spanish shorthand <<
(babel)             in language  on input line 1419.
Package babel Info: Redefining spanish shorthand >>
(babel)             in language  on input line 1419.
Package babel Info: Redefining spanish shorthand "=
(babel)             in language  on input line 1419.
Package babel Info: Redefining spanish shorthand "~
(babel)             in language  on input line 1419.
Package babel Info: Redefining spanish shorthand "!
(babel)             in language  on input line 1419.
Package babel Info: Redefining spanish shorthand "?
(babel)             in language  on input line 1419.
Package babel Info: Redefining spanish shorthand <<
(babel)             in language  on input line 1419.
Package babel Info: Redefining spanish shorthand >>
(babel)             in language  on input line 1419.
Package babel Info: Redefining spanish shorthand "=
(babel)             in language  on input line 1419.
Package babel Info: Redefining spanish shorthand "~
(babel)             in language  on input line 1419.
Package babel Info: Redefining spanish shorthand "!
(babel)             in language  on input line 1419.
Package babel Info: Redefining spanish shorthand "?
(babel)             in language  on input line 1419.
[9]
Package babel Info: Redefining spanish shorthand <<
(babel)             in language  on input line 1538.
Package babel Info: Redefining spanish shorthand >>
(babel)             in language  on input line 1538.
Package babel Info: Redefining spanish shorthand "=
(babel)             in language  on input line 1538.
Package babel Info: Redefining spanish shorthand "~
(babel)             in language  on input line 1538.
Package babel Info: Redefining spanish shorthand "!
(babel)             in language  on input line 1538.
Package babel Info: Redefining spanish shorthand "?
(babel)             in language  on input line 1538.
Package babel Info: Redefining spanish shorthand <<
(babel)             in language  on input line 1538.
Package babel Info: Redefining spanish shorthand >>
(babel)             in language  on input line 1538.
Package babel Info: Redefining spanish shorthand "=
(babel)             in language  on input line 1538.
Package babel Info: Redefining spanish shorthand "~
(babel)             in language  on input line 1538.
Package babel Info: Redefining spanish shorthand "!
(babel)             in language  on input line 1538.
Package babel Info: Redefining spanish shorthand "?
(babel)             in language  on input line 1538.
 [10]
Overfull \hbox (6.79999pt too wide) in paragraph at lines 1586--1587
[][] 
 []


Overfull \hbox (6.79999pt too wide) in paragraph at lines 1633--1634
[][] 
 []

Package atveryend Info: Empty hook `BeforeClearDocument' on input line 1673.
Package babel Info: Redefining spanish shorthand <<
(babel)             in language  on input line 1673.
Package babel Info: Redefining spanish shorthand >>
(babel)             in language  on input line 1673.
Package babel Info: Redefining spanish shorthand "=
(babel)             in language  on input line 1673.
Package babel Info: Redefining spanish shorthand "~
(babel)             in language  on input line 1673.
Package babel Info: Redefining spanish shorthand "!
(babel)             in language  on input line 1673.
Package babel Info: Redefining spanish shorthand "?
(babel)             in language  on input line 1673.
Package babel Info: Redefining spanish shorthand <<
(babel)             in language  on input line 1673.
Package babel Info: Redefining spanish shorthand >>
(babel)             in language  on input line 1673.
Package babel Info: Redefining spanish shorthand "=
(babel)             in language  on input line 1673.
Package babel Info: Redefining spanish shorthand "~
(babel)             in language  on input line 1673.
Package babel Info: Redefining spanish shorthand "!
(babel)             in language  on input line 1673.
Package babel Info: Redefining spanish shorthand "?
(babel)             in language  on input line 1673.
[11]
Package atveryend Info: Empty hook `AfterLastShipout' on input line 1673.
 (./citasEMM.aux
LaTeX Info: Redefining \. on input line 114.
LaTeX Info: Redefining \% on input line 114.
LaTeX Info: Redefining \. on input line 118.
LaTeX Info: Redefining \% on input line 118.
)
Package atveryend Info: Executing hook `AtVeryEndDocument' on input line 1673.
Package atveryend Info: Executing hook `AtEndAfterFileList' on input line 1673.

Package rerunfilecheck Info: File `citasEMM.out' has not changed.
(rerunfilecheck)             Checksum: D41D8CD98F00B204E9800998ECF8427E;0.
Package atveryend Info: Empty hook `AtVeryVeryEnd' on input line 1673.
 ) 
Here is how much of TeX's memory you used:
 14133 strings out of 494947
 240405 string characters out of 6178733
 315220 words of memory out of 5000000
 16855 multiletter control sequences out of 15000+600000
 50645 words of font info for 86 fonts, out of 8000000 for 9000
 40 hyphenation exceptions out of 8191
 38i,6n,35p,10404b,545s stack positions out of 5000i,500n,10000p,200000b,80000s
{/usr/share/texlive/texmf-dist/fonts/enc/dvips/base/8r.enc}</usr/share/texliv
e/texmf-dist/fonts/type1/public/amsfonts/cm/cmsy10.pfb></usr/share/texlive/texm
f-dist/fonts/type1/urw/courier/ucrr8a.pfb></usr/share/texlive/texmf-dist/fonts/
type1/urw/times/utmb8a.pfb></usr/share/texlive/texmf-dist/fonts/type1/urw/times
/utmr8a.pfb></usr/share/texlive/texmf-dist/fonts/type1/urw/times/utmri8a.pfb>
Output written on citasEMM.pdf (11 pages, 214887 bytes).
PDF statistics:
 646 PDF objects out of 1000 (max. 8388607)
 284 named destinations out of 1000 (max. 500000)
 1 words of extra memory for PDF output out of 10000 (max. 10000000)

