\BOOKMARK [1][-]{section.1}{Education}{}% 1
\BOOKMARK [1][-]{section.2}{Research interests}{}% 2
\BOOKMARK [1][-]{section.3}{Employment}{}% 3
\BOOKMARK [1][-]{section.4}{Awards}{}% 4
\BOOKMARK [1][-]{section.5}{Publications}{}% 5
\BOOKMARK [2][-]{subsection.5.1}{In peer-reviewed journals}{section.5}% 6
\BOOKMARK [2][-]{subsection.5.2}{Chapters in edited volumes}{section.5}% 7
\BOOKMARK [2][-]{subsection.5.3}{Edited book}{section.5}% 8
\BOOKMARK [2][-]{subsection.5.4}{In magazine}{section.5}% 9
\BOOKMARK [2][-]{subsection.5.5}{In working paper series}{section.5}% 10
\BOOKMARK [2][-]{subsection.5.6}{Book reviews}{section.5}% 11
\BOOKMARK [1][-]{section.6}{Public data bases}{}% 12
\BOOKMARK [1][-]{section.7}{Professional conferences and seminars \(since 2013\)}{}% 13
\BOOKMARK [1][-]{section.8}{Referee/reviewer}{}% 14
\BOOKMARK [2][-]{subsection.8.1}{Journal articles}{section.8}% 15
\BOOKMARK [2][-]{subsection.8.2}{Books}{section.8}% 16
\BOOKMARK [2][-]{subsection.8.3}{Book chapters}{section.8}% 17
\BOOKMARK [2][-]{subsection.8.4}{Research projects}{section.8}% 18
\BOOKMARK [1][-]{section.9}{Academic and Research Committees}{}% 19
\BOOKMARK [1][-]{section.10}{Other committees}{}% 20
\BOOKMARK [1][-]{section.11}{Professional association membership}{}% 21
\BOOKMARK [1][-]{section.12}{Recent academic events organized}{}% 22
\BOOKMARK [1][-]{section.13}{Courses taught}{}% 23
\BOOKMARK [2][-]{subsection.13.1}{Graduate level}{section.13}% 24
\BOOKMARK [2][-]{subsection.13.2}{Undergraduate level}{section.13}% 25
\BOOKMARK [1][-]{section.14}{Students}{}% 26
\BOOKMARK [1][-]{section.15}{Consulting}{}% 27
\BOOKMARK [1][-]{section.16}{References}{}% 28
