\BOOKMARK [1][-]{section.1}{T\355tulos}{}% 1
\BOOKMARK [1][-]{section.2}{Educaci\363n}{}% 2
\BOOKMARK [1][-]{section.3}{\301reas de investigaci\363n}{}% 3
\BOOKMARK [1][-]{section.4}{Otros estudios}{}% 4
\BOOKMARK [1][-]{section.5}{Empleos}{}% 5
\BOOKMARK [1][-]{section.6}{Premios y reconocimientos}{}% 6
\BOOKMARK [1][-]{section.7}{Becas recientes}{}% 7
\BOOKMARK [1][-]{section.8}{Publicaciones}{}% 8
\BOOKMARK [2][-]{subsection.8.1}{En revistas arbitradas}{section.8}% 9
\BOOKMARK [2][-]{subsection.8.2}{En revistas sin arbitraje}{section.8}% 10
\BOOKMARK [2][-]{subsection.8.3}{Cap\355tulos en vol\372menes colectivos}{section.8}% 11
\BOOKMARK [2][-]{subsection.8.4}{Libro}{section.8}% 12
\BOOKMARK [2][-]{subsection.8.5}{En revista de divulgaci\363n}{section.8}% 13
\BOOKMARK [2][-]{subsection.8.6}{En revistas electr\363nicas}{section.8}% 14
\BOOKMARK [2][-]{subsection.8.7}{Rese\361as bibliogr\341ficas}{section.8}% 15
\BOOKMARK [2][-]{subsection.8.8}{En series de documentos de trabajo}{section.8}% 16
\BOOKMARK [2][-]{subsection.8.9}{Trabajo en proceso de dictamen}{section.8}% 17
\BOOKMARK [2][-]{subsection.8.10}{Trabajo in\351dito y art\355culos de conferencias}{section.8}% 18
\BOOKMARK [2][-]{subsection.8.11}{Editoriales period\355sticos}{section.8}% 19
\BOOKMARK [1][-]{section.9}{Bases de datos p\372blicas}{}% 20
\BOOKMARK [1][-]{section.10}{Presentaciones en conferencias profesionales \(desde 2013\)}{}% 21
\BOOKMARK [1][-]{section.11}{Dictaminador}{}% 22
\BOOKMARK [2][-]{subsection.11.1}{Art\355culos para revistas}{section.11}% 23
\BOOKMARK [2][-]{subsection.11.2}{Libros}{section.11}% 24
\BOOKMARK [2][-]{subsection.11.3}{Cap\355tulos de libro}{section.11}% 25
\BOOKMARK [2][-]{subsection.11.4}{Proyectos de investigaci\363n}{section.11}% 26
\BOOKMARK [1][-]{section.12}{Comit\351s acad\351micos}{}% 27
\BOOKMARK [1][-]{section.13}{Otros comit\351s y seminarios}{}% 28
\BOOKMARK [1][-]{section.14}{Asociaciones profesionales}{}% 29
\BOOKMARK [1][-]{section.15}{Eventos acad\351micos que he organizado}{}% 30
\BOOKMARK [1][-]{section.16}{Clases y cursos impartidos \(desde 2012\)}{}% 31
\BOOKMARK [1][-]{section.17}{Asesor\355a de tesis}{}% 32
\BOOKMARK [2][-]{subsection.17.1}{Nivel Doctorado}{section.17}% 33
\BOOKMARK [2][-]{subsection.17.2}{Nivel Maestr\355a}{section.17}% 34
\BOOKMARK [2][-]{subsection.17.3}{Nivel licenciatura}{section.17}% 35
\BOOKMARK [1][-]{section.18}{Sinodal en ex\341menes de grado}{}% 36
\BOOKMARK [2][-]{subsection.18.1}{Nivel doctorado}{section.18}% 37
\BOOKMARK [2][-]{subsection.18.2}{Nivel maestr\355a}{section.18}% 38
\BOOKMARK [2][-]{subsection.18.3}{Nivel licenciatura \(desde 2012; si no hay indicaci\363n es en ciencia pol\355tica\205ITAM\)}{section.18}% 39
\BOOKMARK [1][-]{section.19}{Consultor\355a}{}% 40
\BOOKMARK [1][-]{section.20}{Comentario en radio y TV}{}% 41
\BOOKMARK [1][-]{section.21}{Lenguas}{}% 42
\BOOKMARK [1][-]{section.22}{Referencias}{}% 43
