This is pdfTeX, Version 3.14159265-2.6-1.40.16 (TeX Live 2015/Debian) (preloaded format=pdflatex 2017.8.23)  26 JUN 2018 12:12
entering extended mode
 restricted \write18 enabled.
 %&-line parsing enabled.
**\nonstopmode\input cvEspanol.tex
(./cvEspanol.tex (/usr/share/texlive/texmf-dist/tex/latex/base/article.cls
Document Class: article 2014/09/29 v1.4h Standard LaTeX document class
(/usr/share/texlive/texmf-dist/tex/latex/base/size11.clo
File: size11.clo 2014/09/29 v1.4h Standard LaTeX file (size option)
)
\c@part=\count79
\c@section=\count80
\c@subsection=\count81
\c@subsubsection=\count82
\c@paragraph=\count83
\c@subparagraph=\count84
\c@figure=\count85
\c@table=\count86
\abovecaptionskip=\skip41
\belowcaptionskip=\skip42
\bibindent=\dimen102
)
(/usr/share/texlive/texmf-dist/tex/latex/geometry/geometry.sty
Package: geometry 2010/09/12 v5.6 Page Geometry

(/usr/share/texlive/texmf-dist/tex/latex/graphics/keyval.sty
Package: keyval 2014/10/28 v1.15 key=value parser (DPC)
\KV@toks@=\toks14
)
(/usr/share/texlive/texmf-dist/tex/generic/oberdiek/ifpdf.sty
Package: ifpdf 2011/01/30 v2.3 Provides the ifpdf switch (HO)
Package ifpdf Info: pdfTeX in PDF mode is detected.
)
(/usr/share/texlive/texmf-dist/tex/generic/oberdiek/ifvtex.sty
Package: ifvtex 2010/03/01 v1.5 Detect VTeX and its facilities (HO)
Package ifvtex Info: VTeX not detected.
)
(/usr/share/texlive/texmf-dist/tex/generic/ifxetex/ifxetex.sty
Package: ifxetex 2010/09/12 v0.6 Provides ifxetex conditional
)
\Gm@cnth=\count87
\Gm@cntv=\count88
\c@Gm@tempcnt=\count89
\Gm@bindingoffset=\dimen103
\Gm@wd@mp=\dimen104
\Gm@odd@mp=\dimen105
\Gm@even@mp=\dimen106
\Gm@layoutwidth=\dimen107
\Gm@layoutheight=\dimen108
\Gm@layouthoffset=\dimen109
\Gm@layoutvoffset=\dimen110
\Gm@dimlist=\toks15
)
(/usr/share/texlive/texmf-dist/tex/latex/ae/ae.sty
Package: ae 2001/02/12 1.3 Almost European Computer Modern

(/usr/share/texlive/texmf-dist/tex/latex/base/fontenc.sty
Package: fontenc 2005/09/27 v1.99g Standard LaTeX package

(/usr/share/texlive/texmf-dist/tex/latex/base/t1enc.def
File: t1enc.def 2005/09/27 v1.99g Standard LaTeX file
LaTeX Font Info:    Redeclaring font encoding T1 on input line 48.
)
LaTeX Font Info:    Try loading font information for T1+aer on input line 105.

(/usr/share/texlive/texmf-dist/tex/latex/ae/t1aer.fd
File: t1aer.fd 1997/11/16 Font definitions for T1/aer.
)))
(/usr/share/texlive/texmf-dist/tex/latex/base/fontenc.sty
Package: fontenc 2005/09/27 v1.99g Standard LaTeX package

(/usr/share/texlive/texmf-dist/tex/latex/base/t1enc.def
File: t1enc.def 2005/09/27 v1.99g Standard LaTeX file
LaTeX Font Info:    Redeclaring font encoding T1 on input line 48.
))
(/usr/share/texlive/texmf-dist/tex/latex/base/inputenc.sty
Package: inputenc 2015/03/17 v1.2c Input encoding file
\inpenc@prehook=\toks16
\inpenc@posthook=\toks17

(/usr/share/texlive/texmf-dist/tex/latex/base/ansinew.def
File: ansinew.def 2015/03/17 v1.2c Input encoding file
))
(/usr/share/texlive/texmf-dist/tex/latex/amsmath/amsmath.sty
Package: amsmath 2016/03/03 v2.15a AMS math features
\@mathmargin=\skip43

For additional information on amsmath, use the `?' option.
(/usr/share/texlive/texmf-dist/tex/latex/amsmath/amstext.sty
Package: amstext 2000/06/29 v2.01 AMS text

(/usr/share/texlive/texmf-dist/tex/latex/amsmath/amsgen.sty
File: amsgen.sty 1999/11/30 v2.0 generic functions
\@emptytoks=\toks18
\ex@=\dimen111
))
(/usr/share/texlive/texmf-dist/tex/latex/amsmath/amsbsy.sty
Package: amsbsy 1999/11/29 v1.2d Bold Symbols
\pmbraise@=\dimen112
)
(/usr/share/texlive/texmf-dist/tex/latex/amsmath/amsopn.sty
Package: amsopn 1999/12/14 v2.01 operator names
)
\inf@bad=\count90
LaTeX Info: Redefining \frac on input line 199.
\uproot@=\count91
\leftroot@=\count92
LaTeX Info: Redefining \overline on input line 297.
\classnum@=\count93
\DOTSCASE@=\count94
LaTeX Info: Redefining \ldots on input line 394.
LaTeX Info: Redefining \dots on input line 397.
LaTeX Info: Redefining \cdots on input line 518.
\Mathstrutbox@=\box26
\strutbox@=\box27
\big@size=\dimen113
LaTeX Font Info:    Redeclaring font encoding OML on input line 630.
LaTeX Font Info:    Redeclaring font encoding OMS on input line 631.
\macc@depth=\count95
\c@MaxMatrixCols=\count96
\dotsspace@=\muskip10
\c@parentequation=\count97
\dspbrk@lvl=\count98
\tag@help=\toks19
\row@=\count99
\column@=\count100
\maxfields@=\count101
\andhelp@=\toks20
\eqnshift@=\dimen114
\alignsep@=\dimen115
\tagshift@=\dimen116
\tagwidth@=\dimen117
\totwidth@=\dimen118
\lineht@=\dimen119
\@envbody=\toks21
\multlinegap=\skip44
\multlinetaggap=\skip45
\mathdisplay@stack=\toks22
LaTeX Info: Redefining \[ on input line 2735.
LaTeX Info: Redefining \] on input line 2736.
)
(/usr/share/texlive/texmf-dist/tex/latex/amsfonts/amssymb.sty
Package: amssymb 2013/01/14 v3.01 AMS font symbols

(/usr/share/texlive/texmf-dist/tex/latex/amsfonts/amsfonts.sty
Package: amsfonts 2013/01/14 v3.01 Basic AMSFonts support
\symAMSa=\mathgroup4
\symAMSb=\mathgroup5
LaTeX Font Info:    Overwriting math alphabet `\mathfrak' in version `bold'
(Font)                  U/euf/m/n --> U/euf/b/n on input line 106.
))
(/usr/share/texlive/texmf-dist/tex/latex/url/url.sty
\Urlmuskip=\muskip11
Package: url 2013/09/16  ver 3.4  Verb mode for urls, etc.
)
(/usr/share/texlive/texmf-dist/tex/latex/setspace/setspace.sty
Package: setspace 2011/12/19 v6.7a set line spacing
)
(/usr/share/texlive/texmf-dist/tex/latex/graphics/color.sty
Package: color 2016/01/03 v1.1b Standard LaTeX Color (DPC)

(/usr/share/texlive/texmf-dist/tex/latex/latexconfig/color.cfg
File: color.cfg 2007/01/18 v1.5 color configuration of teTeX/TeXLive
)
Package color Info: Driver file: pdftex.def on input line 143.

(/usr/share/texlive/texmf-dist/tex/latex/pdftex-def/pdftex.def
File: pdftex.def 2011/05/27 v0.06d Graphics/color for pdfTeX

(/usr/share/texlive/texmf-dist/tex/generic/oberdiek/infwarerr.sty
Package: infwarerr 2010/04/08 v1.3 Providing info/warning/error messages (HO)
)
(/usr/share/texlive/texmf-dist/tex/generic/oberdiek/ltxcmds.sty
Package: ltxcmds 2011/11/09 v1.22 LaTeX kernel commands for general use (HO)
)
\Gread@gobject=\count102
))
(/usr/share/texlive/texmf-dist/tex/latex/base/ifthen.sty
Package: ifthen 2014/09/29 v1.1c Standard LaTeX ifthen package (DPC)
)
(/usr/share/texlive/texmf-dist/tex/generic/babel/babel.sty
Package: babel 2016/02/24 3.9q The Babel package

(/usr/share/texlive/texmf-dist/tex/generic/babel-spanish/spanish.ldf
Language: spanish.ldf 2016/01/15 v5.0o Spanish support from the babel system

(/usr/share/texlive/texmf-dist/tex/generic/babel/babel.def
File: babel.def 2016/02/24 3.9q Babel common definitions
\babel@savecnt=\count103
\U@D=\dimen120
)
\es@quottoks=\toks23
\es@quotdepth=\count104
Package babel Info: Making " an active character on input line 533.
Package babel Info: Making . an active character on input line 634.
Package babel Info: Making < an active character on input line 679.
Package babel Info: Making > an active character on input line 679.
))
(/usr/share/texlive/texmf-dist/tex/latex/tools/xr.sty
Package: xr 1994/05/28 v5.02 eXternal References (DPC)
)
Package xr Info: IMPORTING LABELS FROM citasEMM.aux on input line 49.

(/usr/share/texlive/texmf-dist/tex/latex/hyperref/hyperref.sty
Package: hyperref 2012/11/06 v6.83m Hypertext links for LaTeX

(/usr/share/texlive/texmf-dist/tex/generic/oberdiek/hobsub-hyperref.sty
Package: hobsub-hyperref 2012/05/28 v1.13 Bundle oberdiek, subset hyperref (HO)


(/usr/share/texlive/texmf-dist/tex/generic/oberdiek/hobsub-generic.sty
Package: hobsub-generic 2012/05/28 v1.13 Bundle oberdiek, subset generic (HO)
Package: hobsub 2012/05/28 v1.13 Construct package bundles (HO)
Package hobsub Info: Skipping package `infwarerr' (already loaded).
Package hobsub Info: Skipping package `ltxcmds' (already loaded).
Package: ifluatex 2010/03/01 v1.3 Provides the ifluatex switch (HO)
Package ifluatex Info: LuaTeX not detected.
Package hobsub Info: Skipping package `ifvtex' (already loaded).
Package: intcalc 2007/09/27 v1.1 Expandable calculations with integers (HO)
Package hobsub Info: Skipping package `ifpdf' (already loaded).
Package: etexcmds 2011/02/16 v1.5 Avoid name clashes with e-TeX commands (HO)
Package etexcmds Info: Could not find \expanded.
(etexcmds)             That can mean that you are not using pdfTeX 1.50 or
(etexcmds)             that some package has redefined \expanded.
(etexcmds)             In the latter case, load this package earlier.
Package: kvsetkeys 2012/04/25 v1.16 Key value parser (HO)
Package: kvdefinekeys 2011/04/07 v1.3 Define keys (HO)
Package: pdftexcmds 2011/11/29 v0.20 Utility functions of pdfTeX for LuaTeX (HO
)
Package pdftexcmds Info: LuaTeX not detected.
Package pdftexcmds Info: \pdf@primitive is available.
Package pdftexcmds Info: \pdf@ifprimitive is available.
Package pdftexcmds Info: \pdfdraftmode found.
Package: pdfescape 2011/11/25 v1.13 Implements pdfTeX's escape features (HO)
Package: bigintcalc 2012/04/08 v1.3 Expandable calculations on big integers (HO
)
Package: bitset 2011/01/30 v1.1 Handle bit-vector datatype (HO)
Package: uniquecounter 2011/01/30 v1.2 Provide unlimited unique counter (HO)
)
Package hobsub Info: Skipping package `hobsub' (already loaded).
Package: letltxmacro 2010/09/02 v1.4 Let assignment for LaTeX macros (HO)
Package: hopatch 2012/05/28 v1.2 Wrapper for package hooks (HO)
Package: xcolor-patch 2011/01/30 xcolor patch
Package: atveryend 2011/06/30 v1.8 Hooks at the very end of document (HO)
Package atveryend Info: \enddocument detected (standard20110627).
Package: atbegshi 2011/10/05 v1.16 At begin shipout hook (HO)
Package: refcount 2011/10/16 v3.4 Data extraction from label references (HO)
Package: hycolor 2011/01/30 v1.7 Color options for hyperref/bookmark (HO)
)
(/usr/share/texlive/texmf-dist/tex/latex/oberdiek/auxhook.sty
Package: auxhook 2011/03/04 v1.3 Hooks for auxiliary files (HO)
)
(/usr/share/texlive/texmf-dist/tex/latex/oberdiek/kvoptions.sty
Package: kvoptions 2011/06/30 v3.11 Key value format for package options (HO)
)
\@linkdim=\dimen121
\Hy@linkcounter=\count105
\Hy@pagecounter=\count106

(/usr/share/texlive/texmf-dist/tex/latex/hyperref/pd1enc.def
File: pd1enc.def 2012/11/06 v6.83m Hyperref: PDFDocEncoding definition (HO)
)
\Hy@SavedSpaceFactor=\count107

(/usr/share/texlive/texmf-dist/tex/latex/latexconfig/hyperref.cfg
File: hyperref.cfg 2002/06/06 v1.2 hyperref configuration of TeXLive
)
Package hyperref Info: Option `colorlinks' set `true' on input line 4319.
Package hyperref Info: Hyper figures OFF on input line 4443.
Package hyperref Info: Link nesting OFF on input line 4448.
Package hyperref Info: Hyper index ON on input line 4451.
Package hyperref Info: Plain pages OFF on input line 4458.
Package hyperref Info: Backreferencing OFF on input line 4463.
Package hyperref Info: Implicit mode ON; LaTeX internals redefined.
Package hyperref Info: Bookmarks ON on input line 4688.
\c@Hy@tempcnt=\count108
LaTeX Info: Redefining \url on input line 5041.
\XeTeXLinkMargin=\dimen122
\Fld@menulength=\count109
\Field@Width=\dimen123
\Fld@charsize=\dimen124
Package hyperref Info: Hyper figures OFF on input line 6295.
Package hyperref Info: Link nesting OFF on input line 6300.
Package hyperref Info: Hyper index ON on input line 6303.
Package hyperref Info: backreferencing OFF on input line 6310.
Package hyperref Info: Link coloring ON on input line 6313.
Package hyperref Info: Link coloring with OCG OFF on input line 6320.
Package hyperref Info: PDF/A mode OFF on input line 6325.
LaTeX Info: Redefining \ref on input line 6365.
LaTeX Info: Redefining \pageref on input line 6369.
\Hy@abspage=\count110
\c@Item=\count111
\c@Hfootnote=\count112
)

Package hyperref Message: Driver (autodetected): hpdftex.

(/usr/share/texlive/texmf-dist/tex/latex/hyperref/hpdftex.def
File: hpdftex.def 2012/11/06 v6.83m Hyperref driver for pdfTeX
\Fld@listcount=\count113
\c@bookmark@seq@number=\count114

(/usr/share/texlive/texmf-dist/tex/latex/oberdiek/rerunfilecheck.sty
Package: rerunfilecheck 2011/04/15 v1.7 Rerun checks for auxiliary files (HO)
Package uniquecounter Info: New unique counter `rerunfilecheck' on input line 2
82.
)
\Hy@SectionHShift=\skip46
)
(/usr/share/texlive/texmf-dist/tex/latex/Tabbing/Tabbing.sty
Package: Tabbing 1997/12/18 v1.0 Tabbing environment (JPFD)
)
(/usr/share/texlive/texmf-dist/tex/latex/psnfss/mathptmx.sty
Package: mathptmx 2005/04/12 PSNFSS-v9.2a Times w/ Math, improved (SPQR, WaS) 
LaTeX Font Info:    Redeclaring symbol font `operators' on input line 28.
LaTeX Font Info:    Overwriting symbol font `operators' in version `normal'
(Font)                  OT1/cmr/m/n --> OT1/ztmcm/m/n on input line 28.
LaTeX Font Info:    Overwriting symbol font `operators' in version `bold'
(Font)                  OT1/cmr/bx/n --> OT1/ztmcm/m/n on input line 28.
LaTeX Font Info:    Redeclaring symbol font `letters' on input line 29.
LaTeX Font Info:    Overwriting symbol font `letters' in version `normal'
(Font)                  OML/cmm/m/it --> OML/ztmcm/m/it on input line 29.
LaTeX Font Info:    Overwriting symbol font `letters' in version `bold'
(Font)                  OML/cmm/b/it --> OML/ztmcm/m/it on input line 29.
LaTeX Font Info:    Redeclaring symbol font `symbols' on input line 30.
LaTeX Font Info:    Overwriting symbol font `symbols' in version `normal'
(Font)                  OMS/cmsy/m/n --> OMS/ztmcm/m/n on input line 30.
LaTeX Font Info:    Overwriting symbol font `symbols' in version `bold'
(Font)                  OMS/cmsy/b/n --> OMS/ztmcm/m/n on input line 30.
LaTeX Font Info:    Redeclaring symbol font `largesymbols' on input line 31.
LaTeX Font Info:    Overwriting symbol font `largesymbols' in version `normal'
(Font)                  OMX/cmex/m/n --> OMX/ztmcm/m/n on input line 31.
LaTeX Font Info:    Overwriting symbol font `largesymbols' in version `bold'
(Font)                  OMX/cmex/m/n --> OMX/ztmcm/m/n on input line 31.
\symbold=\mathgroup6
\symitalic=\mathgroup7
LaTeX Font Info:    Redeclaring math alphabet \mathbf on input line 34.
LaTeX Font Info:    Overwriting math alphabet `\mathbf' in version `normal'
(Font)                  OT1/cmr/bx/n --> OT1/ptm/bx/n on input line 34.
LaTeX Font Info:    Overwriting math alphabet `\mathbf' in version `bold'
(Font)                  OT1/cmr/bx/n --> OT1/ptm/bx/n on input line 34.
LaTeX Font Info:    Redeclaring math alphabet \mathit on input line 35.
LaTeX Font Info:    Overwriting math alphabet `\mathit' in version `normal'
(Font)                  OT1/cmr/m/it --> OT1/ptm/m/it on input line 35.
LaTeX Font Info:    Overwriting math alphabet `\mathit' in version `bold'
(Font)                  OT1/cmr/bx/it --> OT1/ptm/m/it on input line 35.
LaTeX Info: Redefining \hbar on input line 50.
)
(/usr/share/texlive/texmf-dist/tex/latex/psnfss/helvet.sty
Package: helvet 2005/04/12 PSNFSS-v9.2a (WaS) 
)
(/usr/share/texlive/texmf-dist/tex/latex/psnfss/courier.sty
Package: courier 2005/04/12 PSNFSS-v9.2a (WaS) 
)

LaTeX Warning: Unused global option(s):
    [letter].

(./cvEspanol.aux
LaTeX Info: Redefining \. on input line 23.
LaTeX Info: Redefining \% on input line 23.
LaTeX Info: Redefining \. on input line 27.
LaTeX Info: Redefining \% on input line 27.
)
\openout1 = `cvEspanol.aux'.

LaTeX Font Info:    Checking defaults for OML/cmm/m/it on input line 93.
LaTeX Font Info:    ... okay on input line 93.
LaTeX Font Info:    Checking defaults for T1/cmr/m/n on input line 93.
LaTeX Font Info:    ... okay on input line 93.
LaTeX Font Info:    Checking defaults for OT1/cmr/m/n on input line 93.
LaTeX Font Info:    ... okay on input line 93.
LaTeX Font Info:    Checking defaults for OMS/cmsy/m/n on input line 93.
LaTeX Font Info:    ... okay on input line 93.
LaTeX Font Info:    Checking defaults for OMX/cmex/m/n on input line 93.
LaTeX Font Info:    ... okay on input line 93.
LaTeX Font Info:    Checking defaults for U/cmr/m/n on input line 93.
LaTeX Font Info:    ... okay on input line 93.
LaTeX Font Info:    Checking defaults for PD1/pdf/m/n on input line 93.
LaTeX Font Info:    ... okay on input line 93.
LaTeX Font Info:    Try loading font information for T1+ptm on input line 93.
 (/usr/share/texlive/texmf-dist/tex/latex/psnfss/t1ptm.fd
File: t1ptm.fd 2001/06/04 font definitions for T1/ptm.
)
*geometry* driver: auto-detecting
*geometry* detected driver: pdftex
*geometry* verbose mode - [ preamble ] result:
* driver: pdftex
* paper: letterpaper
* layout: <same size as paper>
* layoutoffset:(h,v)=(0.0pt,0.0pt)
* modes: 
* h-part:(L,W,R)=(72.26999pt, 469.75502pt, 72.26999pt)
* v-part:(T,H,B)=(72.26999pt, 650.43001pt, 72.26999pt)
* \paperwidth=614.295pt
* \paperheight=794.96999pt
* \textwidth=469.75502pt
* \textheight=650.43001pt
* \oddsidemargin=0.0pt
* \evensidemargin=0.0pt
* \topmargin=-37.0pt
* \headheight=12.0pt
* \headsep=25.0pt
* \topskip=11.0pt
* \footskip=30.0pt
* \marginparwidth=59.0pt
* \marginparsep=10.0pt
* \columnsep=10.0pt
* \skip\footins=10.0pt plus 4.0pt minus 2.0pt
* \hoffset=0.0pt
* \voffset=0.0pt
* \mag=1000
* \@twocolumnfalse
* \@twosidefalse
* \@mparswitchfalse
* \@reversemarginfalse
* (1in=72.27pt=25.4mm, 1cm=28.453pt)

(/usr/share/texlive/texmf-dist/tex/context/base/supp-pdf.mkii
[Loading MPS to PDF converter (version 2006.09.02).]
\scratchcounter=\count115
\scratchdimen=\dimen125
\scratchbox=\box28
\nofMPsegments=\count116
\nofMParguments=\count117
\everyMPshowfont=\toks24
\MPscratchCnt=\count118
\MPscratchDim=\dimen126
\MPnumerator=\count119
\makeMPintoPDFobject=\count120
\everyMPtoPDFconversion=\toks25
)
LaTeX Info: Redefining \. on input line 93.
LaTeX Info: Redefining \% on input line 93.
\AtBeginShipoutBox=\box29
Package hyperref Info: Link coloring ON on input line 93.
 (/usr/share/texlive/texmf-dist/tex/latex/hyperref/nameref.sty
Package: nameref 2012/10/27 v2.43 Cross-referencing by name of section

(/usr/share/texlive/texmf-dist/tex/generic/oberdiek/gettitlestring.sty
Package: gettitlestring 2010/12/03 v1.4 Cleanup title references (HO)
)
\c@section@level=\count121
)
LaTeX Info: Redefining \ref on input line 93.
LaTeX Info: Redefining \pageref on input line 93.
LaTeX Info: Redefining \nameref on input line 93.

(./cvEspanol.out) (./cvEspanol.out)
\@outlinefile=\write3
\openout3 = `cvEspanol.out'.

LaTeX Info: Redefining \. on input line 95.
LaTeX Info: Redefining \% on input line 95.
LaTeX Font Info:    Font shape `T1/ptm/bx/n' in size <10.95> not available
(Font)              Font shape `T1/ptm/b/n' tried instead on input line 102.
LaTeX Font Info:    Font shape `T1/ptm/bx/n' in size <17.28> not available
(Font)              Font shape `T1/ptm/b/n' tried instead on input line 102.
LaTeX Font Info:    Try loading font information for T1+pcr on input line 105.

(/usr/share/texlive/texmf-dist/tex/latex/psnfss/t1pcr.fd
File: t1pcr.fd 2001/06/04 font definitions for T1/pcr.
)
LaTeX Font Info:    Try loading font information for OT1+ztmcm on input line 11
5.

(/usr/share/texlive/texmf-dist/tex/latex/psnfss/ot1ztmcm.fd
File: ot1ztmcm.fd 2000/01/03 Fontinst v1.801 font definitions for OT1/ztmcm.
)
LaTeX Font Info:    Try loading font information for OML+ztmcm on input line 11
5.

(/usr/share/texlive/texmf-dist/tex/latex/psnfss/omlztmcm.fd
File: omlztmcm.fd 2000/01/03 Fontinst v1.801 font definitions for OML/ztmcm.
)
LaTeX Font Info:    Try loading font information for OMS+ztmcm on input line 11
5.

(/usr/share/texlive/texmf-dist/tex/latex/psnfss/omsztmcm.fd
File: omsztmcm.fd 2000/01/03 Fontinst v1.801 font definitions for OMS/ztmcm.
)
LaTeX Font Info:    Try loading font information for OMX+ztmcm on input line 11
5.

(/usr/share/texlive/texmf-dist/tex/latex/psnfss/omxztmcm.fd
File: omxztmcm.fd 2000/01/03 Fontinst v1.801 font definitions for OMX/ztmcm.
)
LaTeX Font Info:    Try loading font information for OT1+ptm on input line 115.


(/usr/share/texlive/texmf-dist/tex/latex/psnfss/ot1ptm.fd
File: ot1ptm.fd 2001/06/04 font definitions for OT1/ptm.
)
LaTeX Font Info:    Font shape `OT1/ptm/bx/n' in size <10> not available
(Font)              Font shape `OT1/ptm/b/n' tried instead on input line 115.
LaTeX Font Info:    Font shape `OT1/ptm/bx/n' in size <7.4> not available
(Font)              Font shape `OT1/ptm/b/n' tried instead on input line 115.
LaTeX Font Info:    Font shape `OT1/ptm/bx/n' in size <6> not available
(Font)              Font shape `OT1/ptm/b/n' tried instead on input line 115.
LaTeX Font Info:    Font shape `T1/ptm/bx/n' in size <14.4> not available
(Font)              Font shape `T1/ptm/b/n' tried instead on input line 139.
Package babel Info: Redefining spanish shorthand <<
(babel)             in language  on input line 139.
Package babel Info: Redefining spanish shorthand >>
(babel)             in language  on input line 139.
Package babel Info: Redefining spanish shorthand "=
(babel)             in language  on input line 139.
Package babel Info: Redefining spanish shorthand "~
(babel)             in language  on input line 139.
Package babel Info: Redefining spanish shorthand "!
(babel)             in language  on input line 139.
Package babel Info: Redefining spanish shorthand "?
(babel)             in language  on input line 139.
LaTeX Font Info:    Try loading font information for OMS+ptm on input line 143.


(/usr/share/texlive/texmf-dist/tex/latex/psnfss/omsptm.fd
File: omsptm.fd 
)
LaTeX Font Info:    Font shape `OMS/ptm/m/n' in size <10.95> not available
(Font)              Font shape `OMS/cmsy/m/n' tried instead on input line 143.

Underfull \hbox (badness 10000) in paragraph at lines 145--161

 []

Package babel Info: Redefining spanish shorthand <<
(babel)             in language  on input line 161.
Package babel Info: Redefining spanish shorthand >>
(babel)             in language  on input line 161.
Package babel Info: Redefining spanish shorthand "=
(babel)             in language  on input line 161.
Package babel Info: Redefining spanish shorthand "~
(babel)             in language  on input line 161.
Package babel Info: Redefining spanish shorthand "!
(babel)             in language  on input line 161.
Package babel Info: Redefining spanish shorthand "?
(babel)             in language  on input line 161.
Package babel Info: Redefining spanish shorthand <<
(babel)             in language  on input line 177.
Package babel Info: Redefining spanish shorthand >>
(babel)             in language  on input line 177.
Package babel Info: Redefining spanish shorthand "=
(babel)             in language  on input line 177.
Package babel Info: Redefining spanish shorthand "~
(babel)             in language  on input line 177.
Package babel Info: Redefining spanish shorthand "!
(babel)             in language  on input line 177.
Package babel Info: Redefining spanish shorthand "?
(babel)             in language  on input line 177.
Package babel Info: Redefining spanish shorthand <<
(babel)             in language  on input line 198.
Package babel Info: Redefining spanish shorthand >>
(babel)             in language  on input line 198.
Package babel Info: Redefining spanish shorthand "=
(babel)             in language  on input line 198.
Package babel Info: Redefining spanish shorthand "~
(babel)             in language  on input line 198.
Package babel Info: Redefining spanish shorthand "!
(babel)             in language  on input line 198.
Package babel Info: Redefining spanish shorthand "?
(babel)             in language  on input line 198.
Package babel Info: Redefining spanish shorthand <<
(babel)             in language  on input line 203.
Package babel Info: Redefining spanish shorthand >>
(babel)             in language  on input line 203.
Package babel Info: Redefining spanish shorthand "=
(babel)             in language  on input line 203.
Package babel Info: Redefining spanish shorthand "~
(babel)             in language  on input line 203.
Package babel Info: Redefining spanish shorthand "!
(babel)             in language  on input line 203.
Package babel Info: Redefining spanish shorthand "?
(babel)             in language  on input line 203.
Package babel Info: Redefining spanish shorthand <<
(babel)             in language  on input line 209.
Package babel Info: Redefining spanish shorthand >>
(babel)             in language  on input line 209.
Package babel Info: Redefining spanish shorthand "=
(babel)             in language  on input line 209.
Package babel Info: Redefining spanish shorthand "~
(babel)             in language  on input line 209.
Package babel Info: Redefining spanish shorthand "!
(babel)             in language  on input line 209.
Package babel Info: Redefining spanish shorthand "?
(babel)             in language  on input line 209.
Package babel Info: Redefining spanish shorthand <<
(babel)             in language  on input line 209.
Package babel Info: Redefining spanish shorthand >>
(babel)             in language  on input line 209.
Package babel Info: Redefining spanish shorthand "=
(babel)             in language  on input line 209.
Package babel Info: Redefining spanish shorthand "~
(babel)             in language  on input line 209.
Package babel Info: Redefining spanish shorthand "!
(babel)             in language  on input line 209.
Package babel Info: Redefining spanish shorthand "?
(babel)             in language  on input line 209.
[1

{/var/lib/texmf/fonts/map/pdftex/updmap/pdftex.map}]
Package babel Info: Redefining spanish shorthand <<
(babel)             in language  on input line 244.
Package babel Info: Redefining spanish shorthand >>
(babel)             in language  on input line 244.
Package babel Info: Redefining spanish shorthand "=
(babel)             in language  on input line 244.
Package babel Info: Redefining spanish shorthand "~
(babel)             in language  on input line 244.
Package babel Info: Redefining spanish shorthand "!
(babel)             in language  on input line 244.
Package babel Info: Redefining spanish shorthand "?
(babel)             in language  on input line 244.
Package babel Info: Redefining spanish shorthand <<
(babel)             in language  on input line 292.
Package babel Info: Redefining spanish shorthand >>
(babel)             in language  on input line 292.
Package babel Info: Redefining spanish shorthand "=
(babel)             in language  on input line 292.
Package babel Info: Redefining spanish shorthand "~
(babel)             in language  on input line 292.
Package babel Info: Redefining spanish shorthand "!
(babel)             in language  on input line 292.
Package babel Info: Redefining spanish shorthand "?
(babel)             in language  on input line 292.

Overfull \hbox (7.44633pt too wide) in paragraph at lines 296--298
[]\T1/ptm/m/n/10.95 2014--15, Be-ca Fulbright-García Ro-bles pa-ra Es-tan-cias 
de In-ves-ti-ga-ción en Es-ta-dos Uni-dos. US$24,500. 
 []

Package babel Info: Redefining spanish shorthand <<
(babel)             in language  on input line 308.
Package babel Info: Redefining spanish shorthand >>
(babel)             in language  on input line 308.
Package babel Info: Redefining spanish shorthand "=
(babel)             in language  on input line 308.
Package babel Info: Redefining spanish shorthand "~
(babel)             in language  on input line 308.
Package babel Info: Redefining spanish shorthand "!
(babel)             in language  on input line 308.
Package babel Info: Redefining spanish shorthand "?
(babel)             in language  on input line 308.
Package babel Info: Redefining spanish shorthand <<
(babel)             in language  on input line 308.
Package babel Info: Redefining spanish shorthand >>
(babel)             in language  on input line 308.
Package babel Info: Redefining spanish shorthand "=
(babel)             in language  on input line 308.
Package babel Info: Redefining spanish shorthand "~
(babel)             in language  on input line 308.
Package babel Info: Redefining spanish shorthand "!
(babel)             in language  on input line 308.
Package babel Info: Redefining spanish shorthand "?
(babel)             in language  on input line 308.
[2]
Overfull \hbox (13.04991pt too wide) in paragraph at lines 330--330
[]\T1/ptm/m/n/10.95 1999, Dean's So-cial Scien-ce Tra-vel Re-search Fund Grant,
 [][]Di-vi-sion of So-cial Scien-ces[][], UCSD. US$1,500. 
 []

LaTeX Font Info:    Font shape `OT1/ptm/bx/n' in size <10.95> not available
(Font)              Font shape `OT1/ptm/b/n' tried instead on input line 335.
LaTeX Font Info:    Font shape `OT1/ptm/bx/n' in size <8> not available
(Font)              Font shape `OT1/ptm/b/n' tried instead on input line 335.
Package babel Info: Redefining spanish shorthand <<
(babel)             in language  on input line 341.
Package babel Info: Redefining spanish shorthand >>
(babel)             in language  on input line 341.
Package babel Info: Redefining spanish shorthand "=
(babel)             in language  on input line 341.
Package babel Info: Redefining spanish shorthand "~
(babel)             in language  on input line 341.
Package babel Info: Redefining spanish shorthand "!
(babel)             in language  on input line 341.
Package babel Info: Redefining spanish shorthand "?
(babel)             in language  on input line 341.
LaTeX Font Info:    Font shape `T1/ptm/bx/n' in size <12> not available
(Font)              Font shape `T1/ptm/b/n' tried instead on input line 343.
Package babel Info: Redefining spanish shorthand <<
(babel)             in language  on input line 343.
Package babel Info: Redefining spanish shorthand >>
(babel)             in language  on input line 343.
Package babel Info: Redefining spanish shorthand "=
(babel)             in language  on input line 343.
Package babel Info: Redefining spanish shorthand "~
(babel)             in language  on input line 343.
Package babel Info: Redefining spanish shorthand "!
(babel)             in language  on input line 343.
Package babel Info: Redefining spanish shorthand "?
(babel)             in language  on input line 343.

Overfull \hbox (2.16626pt too wide) in paragraph at lines 347--348
\T1/ptm/m/n/10.95 Dis-tri-to Fe-de-ral''[][], \T1/ptm/m/it/10.95 Re-vis-ta Uru-
gua-ya de Cien-cia Po-lí-ti-ca\T1/ptm/m/n/10.95 , vol. 26, núm. 1 (2017) pp. 35
--58 (ISSN:0797-
 []

Package babel Info: Redefining spanish shorthand <<
(babel)             in language  on input line 398.
Package babel Info: Redefining spanish shorthand >>
(babel)             in language  on input line 398.
Package babel Info: Redefining spanish shorthand "=
(babel)             in language  on input line 398.
Package babel Info: Redefining spanish shorthand "~
(babel)             in language  on input line 398.
Package babel Info: Redefining spanish shorthand "!
(babel)             in language  on input line 398.
Package babel Info: Redefining spanish shorthand "?
(babel)             in language  on input line 398.
Package babel Info: Redefining spanish shorthand <<
(babel)             in language  on input line 398.
Package babel Info: Redefining spanish shorthand >>
(babel)             in language  on input line 398.
Package babel Info: Redefining spanish shorthand "=
(babel)             in language  on input line 398.
Package babel Info: Redefining spanish shorthand "~
(babel)             in language  on input line 398.
Package babel Info: Redefining spanish shorthand "!
(babel)             in language  on input line 398.
Package babel Info: Redefining spanish shorthand "?
(babel)             in language  on input line 398.
[3]
Package babel Info: Redefining spanish shorthand <<
(babel)             in language  on input line 406.
Package babel Info: Redefining spanish shorthand >>
(babel)             in language  on input line 406.
Package babel Info: Redefining spanish shorthand "=
(babel)             in language  on input line 406.
Package babel Info: Redefining spanish shorthand "~
(babel)             in language  on input line 406.
Package babel Info: Redefining spanish shorthand "!
(babel)             in language  on input line 406.
Package babel Info: Redefining spanish shorthand "?
(babel)             in language  on input line 406.
Package babel Info: Redefining spanish shorthand <<
(babel)             in language  on input line 418.
Package babel Info: Redefining spanish shorthand >>
(babel)             in language  on input line 418.
Package babel Info: Redefining spanish shorthand "=
(babel)             in language  on input line 418.
Package babel Info: Redefining spanish shorthand "~
(babel)             in language  on input line 418.
Package babel Info: Redefining spanish shorthand "!
(babel)             in language  on input line 418.
Package babel Info: Redefining spanish shorthand "?
(babel)             in language  on input line 418.
Package babel Info: Redefining spanish shorthand <<
(babel)             in language  on input line 448.
Package babel Info: Redefining spanish shorthand >>
(babel)             in language  on input line 448.
Package babel Info: Redefining spanish shorthand "=
(babel)             in language  on input line 448.
Package babel Info: Redefining spanish shorthand "~
(babel)             in language  on input line 448.
Package babel Info: Redefining spanish shorthand "!
(babel)             in language  on input line 448.
Package babel Info: Redefining spanish shorthand "?
(babel)             in language  on input line 448.
Package babel Info: Redefining spanish shorthand <<
(babel)             in language  on input line 458.
Package babel Info: Redefining spanish shorthand >>
(babel)             in language  on input line 458.
Package babel Info: Redefining spanish shorthand "=
(babel)             in language  on input line 458.
Package babel Info: Redefining spanish shorthand "~
(babel)             in language  on input line 458.
Package babel Info: Redefining spanish shorthand "!
(babel)             in language  on input line 458.
Package babel Info: Redefining spanish shorthand "?
(babel)             in language  on input line 458.
Package babel Info: Redefining spanish shorthand <<
(babel)             in language  on input line 468.
Package babel Info: Redefining spanish shorthand >>
(babel)             in language  on input line 468.
Package babel Info: Redefining spanish shorthand "=
(babel)             in language  on input line 468.
Package babel Info: Redefining spanish shorthand "~
(babel)             in language  on input line 468.
Package babel Info: Redefining spanish shorthand "!
(babel)             in language  on input line 468.
Package babel Info: Redefining spanish shorthand "?
(babel)             in language  on input line 468.
Package babel Info: Redefining spanish shorthand <<
(babel)             in language  on input line 474.
Package babel Info: Redefining spanish shorthand >>
(babel)             in language  on input line 474.
Package babel Info: Redefining spanish shorthand "=
(babel)             in language  on input line 474.
Package babel Info: Redefining spanish shorthand "~
(babel)             in language  on input line 474.
Package babel Info: Redefining spanish shorthand "!
(babel)             in language  on input line 474.
Package babel Info: Redefining spanish shorthand "?
(babel)             in language  on input line 474.
Package babel Info: Redefining spanish shorthand <<
(babel)             in language  on input line 474.
Package babel Info: Redefining spanish shorthand >>
(babel)             in language  on input line 474.
Package babel Info: Redefining spanish shorthand "=
(babel)             in language  on input line 474.
Package babel Info: Redefining spanish shorthand "~
(babel)             in language  on input line 474.
Package babel Info: Redefining spanish shorthand "!
(babel)             in language  on input line 474.
Package babel Info: Redefining spanish shorthand "?
(babel)             in language  on input line 474.
 [4]
Package babel Info: Redefining spanish shorthand <<
(babel)             in language  on input line 517.
Package babel Info: Redefining spanish shorthand >>
(babel)             in language  on input line 517.
Package babel Info: Redefining spanish shorthand "=
(babel)             in language  on input line 517.
Package babel Info: Redefining spanish shorthand "~
(babel)             in language  on input line 517.
Package babel Info: Redefining spanish shorthand "!
(babel)             in language  on input line 517.
Package babel Info: Redefining spanish shorthand "?
(babel)             in language  on input line 517.
Package babel Info: Redefining spanish shorthand <<
(babel)             in language  on input line 538.
Package babel Info: Redefining spanish shorthand >>
(babel)             in language  on input line 538.
Package babel Info: Redefining spanish shorthand "=
(babel)             in language  on input line 538.
Package babel Info: Redefining spanish shorthand "~
(babel)             in language  on input line 538.
Package babel Info: Redefining spanish shorthand "!
(babel)             in language  on input line 538.
Package babel Info: Redefining spanish shorthand "?
(babel)             in language  on input line 538.
Package babel Info: Redefining spanish shorthand <<
(babel)             in language  on input line 550.
Package babel Info: Redefining spanish shorthand >>
(babel)             in language  on input line 550.
Package babel Info: Redefining spanish shorthand "=
(babel)             in language  on input line 550.
Package babel Info: Redefining spanish shorthand "~
(babel)             in language  on input line 550.
Package babel Info: Redefining spanish shorthand "!
(babel)             in language  on input line 550.
Package babel Info: Redefining spanish shorthand "?
(babel)             in language  on input line 550.
Package babel Info: Redefining spanish shorthand <<
(babel)             in language  on input line 556.
Package babel Info: Redefining spanish shorthand >>
(babel)             in language  on input line 556.
Package babel Info: Redefining spanish shorthand "=
(babel)             in language  on input line 556.
Package babel Info: Redefining spanish shorthand "~
(babel)             in language  on input line 556.
Package babel Info: Redefining spanish shorthand "!
(babel)             in language  on input line 556.
Package babel Info: Redefining spanish shorthand "?
(babel)             in language  on input line 556.
Package babel Info: Redefining spanish shorthand <<
(babel)             in language  on input line 556.
Package babel Info: Redefining spanish shorthand >>
(babel)             in language  on input line 556.
Package babel Info: Redefining spanish shorthand "=
(babel)             in language  on input line 556.
Package babel Info: Redefining spanish shorthand "~
(babel)             in language  on input line 556.
Package babel Info: Redefining spanish shorthand "!
(babel)             in language  on input line 556.
Package babel Info: Redefining spanish shorthand "?
(babel)             in language  on input line 556.
 [5]
Package babel Info: Redefining spanish shorthand <<
(babel)             in language  on input line 558.
Package babel Info: Redefining spanish shorthand >>
(babel)             in language  on input line 558.
Package babel Info: Redefining spanish shorthand "=
(babel)             in language  on input line 558.
Package babel Info: Redefining spanish shorthand "~
(babel)             in language  on input line 558.
Package babel Info: Redefining spanish shorthand "!
(babel)             in language  on input line 558.
Package babel Info: Redefining spanish shorthand "?
(babel)             in language  on input line 558.
Package babel Info: Redefining spanish shorthand <<
(babel)             in language  on input line 591.
Package babel Info: Redefining spanish shorthand >>
(babel)             in language  on input line 591.
Package babel Info: Redefining spanish shorthand "=
(babel)             in language  on input line 591.
Package babel Info: Redefining spanish shorthand "~
(babel)             in language  on input line 591.
Package babel Info: Redefining spanish shorthand "!
(babel)             in language  on input line 591.
Package babel Info: Redefining spanish shorthand "?
(babel)             in language  on input line 591.
Package babel Info: Redefining spanish shorthand <<
(babel)             in language  on input line 632.
Package babel Info: Redefining spanish shorthand >>
(babel)             in language  on input line 632.
Package babel Info: Redefining spanish shorthand "=
(babel)             in language  on input line 632.
Package babel Info: Redefining spanish shorthand "~
(babel)             in language  on input line 632.
Package babel Info: Redefining spanish shorthand "!
(babel)             in language  on input line 632.
Package babel Info: Redefining spanish shorthand "?
(babel)             in language  on input line 632.
Package babel Info: Redefining spanish shorthand <<
(babel)             in language  on input line 638.
Package babel Info: Redefining spanish shorthand >>
(babel)             in language  on input line 638.
Package babel Info: Redefining spanish shorthand "=
(babel)             in language  on input line 638.
Package babel Info: Redefining spanish shorthand "~
(babel)             in language  on input line 638.
Package babel Info: Redefining spanish shorthand "!
(babel)             in language  on input line 638.
Package babel Info: Redefining spanish shorthand "?
(babel)             in language  on input line 638.
Package babel Info: Redefining spanish shorthand <<
(babel)             in language  on input line 638.
Package babel Info: Redefining spanish shorthand >>
(babel)             in language  on input line 638.
Package babel Info: Redefining spanish shorthand "=
(babel)             in language  on input line 638.
Package babel Info: Redefining spanish shorthand "~
(babel)             in language  on input line 638.
Package babel Info: Redefining spanish shorthand "!
(babel)             in language  on input line 638.
Package babel Info: Redefining spanish shorthand "?
(babel)             in language  on input line 638.
 [6]
Overfull \hbox (24.35222pt too wide) in paragraph at lines 640--641
[][]$\T1/pcr/m/n/10.95 http : / / ericmagar . com / data / rollcall / dipFed/$[
][] \T1/ptm/m/n/10.95 and [][]$\T1/pcr/m/n/10.95 https : / / github . com / ema
gar /
 []

Package babel Info: Redefining spanish shorthand <<
(babel)             in language  on input line 646.
Package babel Info: Redefining spanish shorthand >>
(babel)             in language  on input line 646.
Package babel Info: Redefining spanish shorthand "=
(babel)             in language  on input line 646.
Package babel Info: Redefining spanish shorthand "~
(babel)             in language  on input line 646.
Package babel Info: Redefining spanish shorthand "!
(babel)             in language  on input line 646.
Package babel Info: Redefining spanish shorthand "?
(babel)             in language  on input line 646.
Package babel Info: Redefining spanish shorthand <<
(babel)             in language  on input line 686.
Package babel Info: Redefining spanish shorthand >>
(babel)             in language  on input line 686.
Package babel Info: Redefining spanish shorthand "=
(babel)             in language  on input line 686.
Package babel Info: Redefining spanish shorthand "~
(babel)             in language  on input line 686.
Package babel Info: Redefining spanish shorthand "!
(babel)             in language  on input line 686.
Package babel Info: Redefining spanish shorthand "?
(babel)             in language  on input line 686.
Package babel Info: Redefining spanish shorthand <<
(babel)             in language  on input line 686.
Package babel Info: Redefining spanish shorthand >>
(babel)             in language  on input line 686.
Package babel Info: Redefining spanish shorthand "=
(babel)             in language  on input line 686.
Package babel Info: Redefining spanish shorthand "~
(babel)             in language  on input line 686.
Package babel Info: Redefining spanish shorthand "!
(babel)             in language  on input line 686.
Package babel Info: Redefining spanish shorthand "?
(babel)             in language  on input line 686.
[7]
Package babel Info: Redefining spanish shorthand <<
(babel)             in language  on input line 732.
Package babel Info: Redefining spanish shorthand >>
(babel)             in language  on input line 732.
Package babel Info: Redefining spanish shorthand "=
(babel)             in language  on input line 732.
Package babel Info: Redefining spanish shorthand "~
(babel)             in language  on input line 732.
Package babel Info: Redefining spanish shorthand "!
(babel)             in language  on input line 732.
Package babel Info: Redefining spanish shorthand "?
(babel)             in language  on input line 732.
Package babel Info: Redefining spanish shorthand <<
(babel)             in language  on input line 732.
Package babel Info: Redefining spanish shorthand >>
(babel)             in language  on input line 732.
Package babel Info: Redefining spanish shorthand "=
(babel)             in language  on input line 732.
Package babel Info: Redefining spanish shorthand "~
(babel)             in language  on input line 732.
Package babel Info: Redefining spanish shorthand "!
(babel)             in language  on input line 732.
Package babel Info: Redefining spanish shorthand "?
(babel)             in language  on input line 732.
 [8]
Package babel Info: Redefining spanish shorthand <<
(babel)             in language  on input line 1009.
Package babel Info: Redefining spanish shorthand >>
(babel)             in language  on input line 1009.
Package babel Info: Redefining spanish shorthand "=
(babel)             in language  on input line 1009.
Package babel Info: Redefining spanish shorthand "~
(babel)             in language  on input line 1009.
Package babel Info: Redefining spanish shorthand "!
(babel)             in language  on input line 1009.
Package babel Info: Redefining spanish shorthand "?
(babel)             in language  on input line 1009.
Package babel Info: Redefining spanish shorthand <<
(babel)             in language  on input line 1011.
Package babel Info: Redefining spanish shorthand >>
(babel)             in language  on input line 1011.
Package babel Info: Redefining spanish shorthand "=
(babel)             in language  on input line 1011.
Package babel Info: Redefining spanish shorthand "~
(babel)             in language  on input line 1011.
Package babel Info: Redefining spanish shorthand "!
(babel)             in language  on input line 1011.
Package babel Info: Redefining spanish shorthand "?
(babel)             in language  on input line 1011.
Package babel Info: Redefining spanish shorthand <<
(babel)             in language  on input line 1035.
Package babel Info: Redefining spanish shorthand >>
(babel)             in language  on input line 1035.
Package babel Info: Redefining spanish shorthand "=
(babel)             in language  on input line 1035.
Package babel Info: Redefining spanish shorthand "~
(babel)             in language  on input line 1035.
Package babel Info: Redefining spanish shorthand "!
(babel)             in language  on input line 1035.
Package babel Info: Redefining spanish shorthand "?
(babel)             in language  on input line 1035.
Package babel Info: Redefining spanish shorthand <<
(babel)             in language  on input line 1035.
Package babel Info: Redefining spanish shorthand >>
(babel)             in language  on input line 1035.
Package babel Info: Redefining spanish shorthand "=
(babel)             in language  on input line 1035.
Package babel Info: Redefining spanish shorthand "~
(babel)             in language  on input line 1035.
Package babel Info: Redefining spanish shorthand "!
(babel)             in language  on input line 1035.
Package babel Info: Redefining spanish shorthand "?
(babel)             in language  on input line 1035.
 [9]
Package babel Info: Redefining spanish shorthand <<
(babel)             in language  on input line 1057.
Package babel Info: Redefining spanish shorthand >>
(babel)             in language  on input line 1057.
Package babel Info: Redefining spanish shorthand "=
(babel)             in language  on input line 1057.
Package babel Info: Redefining spanish shorthand "~
(babel)             in language  on input line 1057.
Package babel Info: Redefining spanish shorthand "!
(babel)             in language  on input line 1057.
Package babel Info: Redefining spanish shorthand "?
(babel)             in language  on input line 1057.
Package babel Info: Redefining spanish shorthand <<
(babel)             in language  on input line 1069.
Package babel Info: Redefining spanish shorthand >>
(babel)             in language  on input line 1069.
Package babel Info: Redefining spanish shorthand "=
(babel)             in language  on input line 1069.
Package babel Info: Redefining spanish shorthand "~
(babel)             in language  on input line 1069.
Package babel Info: Redefining spanish shorthand "!
(babel)             in language  on input line 1069.
Package babel Info: Redefining spanish shorthand "?
(babel)             in language  on input line 1069.
Package babel Info: Redefining spanish shorthand <<
(babel)             in language  on input line 1077.
Package babel Info: Redefining spanish shorthand >>
(babel)             in language  on input line 1077.
Package babel Info: Redefining spanish shorthand "=
(babel)             in language  on input line 1077.
Package babel Info: Redefining spanish shorthand "~
(babel)             in language  on input line 1077.
Package babel Info: Redefining spanish shorthand "!
(babel)             in language  on input line 1077.
Package babel Info: Redefining spanish shorthand "?
(babel)             in language  on input line 1077.
Package babel Info: Redefining spanish shorthand <<
(babel)             in language  on input line 1092.
Package babel Info: Redefining spanish shorthand >>
(babel)             in language  on input line 1092.
Package babel Info: Redefining spanish shorthand "=
(babel)             in language  on input line 1092.
Package babel Info: Redefining spanish shorthand "~
(babel)             in language  on input line 1092.
Package babel Info: Redefining spanish shorthand "!
(babel)             in language  on input line 1092.
Package babel Info: Redefining spanish shorthand "?
(babel)             in language  on input line 1092.
Package babel Info: Redefining spanish shorthand <<
(babel)             in language  on input line 1131.
Package babel Info: Redefining spanish shorthand >>
(babel)             in language  on input line 1131.
Package babel Info: Redefining spanish shorthand "=
(babel)             in language  on input line 1131.
Package babel Info: Redefining spanish shorthand "~
(babel)             in language  on input line 1131.
Package babel Info: Redefining spanish shorthand "!
(babel)             in language  on input line 1131.
Package babel Info: Redefining spanish shorthand "?
(babel)             in language  on input line 1131.
Package babel Info: Redefining spanish shorthand <<
(babel)             in language  on input line 1154.
Package babel Info: Redefining spanish shorthand >>
(babel)             in language  on input line 1154.
Package babel Info: Redefining spanish shorthand "=
(babel)             in language  on input line 1154.
Package babel Info: Redefining spanish shorthand "~
(babel)             in language  on input line 1154.
Package babel Info: Redefining spanish shorthand "!
(babel)             in language  on input line 1154.
Package babel Info: Redefining spanish shorthand "?
(babel)             in language  on input line 1154.
Package babel Info: Redefining spanish shorthand <<
(babel)             in language  on input line 1154.
Package babel Info: Redefining spanish shorthand >>
(babel)             in language  on input line 1154.
Package babel Info: Redefining spanish shorthand "=
(babel)             in language  on input line 1154.
Package babel Info: Redefining spanish shorthand "~
(babel)             in language  on input line 1154.
Package babel Info: Redefining spanish shorthand "!
(babel)             in language  on input line 1154.
Package babel Info: Redefining spanish shorthand "?
(babel)             in language  on input line 1154.
Package babel Info: Redefining spanish shorthand <<
(babel)             in language  on input line 1154.
Package babel Info: Redefining spanish shorthand >>
(babel)             in language  on input line 1154.
Package babel Info: Redefining spanish shorthand "=
(babel)             in language  on input line 1154.
Package babel Info: Redefining spanish shorthand "~
(babel)             in language  on input line 1154.
Package babel Info: Redefining spanish shorthand "!
(babel)             in language  on input line 1154.
Package babel Info: Redefining spanish shorthand "?
(babel)             in language  on input line 1154.
 [10]
Package babel Info: Redefining spanish shorthand <<
(babel)             in language  on input line 1160.
Package babel Info: Redefining spanish shorthand >>
(babel)             in language  on input line 1160.
Package babel Info: Redefining spanish shorthand "=
(babel)             in language  on input line 1160.
Package babel Info: Redefining spanish shorthand "~
(babel)             in language  on input line 1160.
Package babel Info: Redefining spanish shorthand "!
(babel)             in language  on input line 1160.
Package babel Info: Redefining spanish shorthand "?
(babel)             in language  on input line 1160.

Overfull \hbox (59.35722pt too wide) in paragraph at lines 1166--1167
\T1/ptm/m/n/10.95 tor-ce in-ves-ti-ga-do-res es-ta-ble-ci-dos en la ciu-dad de 
Mé-xi-co pre-sen-ta-ron tra-ba-jos re-cien-tes. [][]http://ericmagar.com/taller
/[][]. 
 []


Overfull \hbox (102.5543pt too wide) in paragraph at lines 1168--1169
\T1/ptm/m/n/10.95 Die-ci-séis in-ves-ti-ga-do-res es-ta-ble-ci-dos en la ciu-da
d de Mé-xi-co pre-sen-ta-ron tra-ba-jos re-cien-tes. [][]http://ericmagar.com/t
aller/2016/[][]. 
 []

Package babel Info: Redefining spanish shorthand <<
(babel)             in language  on input line 1269.
Package babel Info: Redefining spanish shorthand >>
(babel)             in language  on input line 1269.
Package babel Info: Redefining spanish shorthand "=
(babel)             in language  on input line 1269.
Package babel Info: Redefining spanish shorthand "~
(babel)             in language  on input line 1269.
Package babel Info: Redefining spanish shorthand "!
(babel)             in language  on input line 1269.
Package babel Info: Redefining spanish shorthand "?
(babel)             in language  on input line 1269.
Package babel Info: Redefining spanish shorthand <<
(babel)             in language  on input line 1269.
Package babel Info: Redefining spanish shorthand >>
(babel)             in language  on input line 1269.
Package babel Info: Redefining spanish shorthand "=
(babel)             in language  on input line 1269.
Package babel Info: Redefining spanish shorthand "~
(babel)             in language  on input line 1269.
Package babel Info: Redefining spanish shorthand "!
(babel)             in language  on input line 1269.
Package babel Info: Redefining spanish shorthand "?
(babel)             in language  on input line 1269.
Package babel Info: Redefining spanish shorthand <<
(babel)             in language  on input line 1269.
Package babel Info: Redefining spanish shorthand >>
(babel)             in language  on input line 1269.
Package babel Info: Redefining spanish shorthand "=
(babel)             in language  on input line 1269.
Package babel Info: Redefining spanish shorthand "~
(babel)             in language  on input line 1269.
Package babel Info: Redefining spanish shorthand "!
(babel)             in language  on input line 1269.
Package babel Info: Redefining spanish shorthand "?
(babel)             in language  on input line 1269.
[11]
Package babel Info: Redefining spanish shorthand <<
(babel)             in language  on input line 1273.
Package babel Info: Redefining spanish shorthand >>
(babel)             in language  on input line 1273.
Package babel Info: Redefining spanish shorthand "=
(babel)             in language  on input line 1273.
Package babel Info: Redefining spanish shorthand "~
(babel)             in language  on input line 1273.
Package babel Info: Redefining spanish shorthand "!
(babel)             in language  on input line 1273.
Package babel Info: Redefining spanish shorthand "?
(babel)             in language  on input line 1273.
Package babel Info: Redefining spanish shorthand <<
(babel)             in language  on input line 1275.
Package babel Info: Redefining spanish shorthand >>
(babel)             in language  on input line 1275.
Package babel Info: Redefining spanish shorthand "=
(babel)             in language  on input line 1275.
Package babel Info: Redefining spanish shorthand "~
(babel)             in language  on input line 1275.
Package babel Info: Redefining spanish shorthand "!
(babel)             in language  on input line 1275.
Package babel Info: Redefining spanish shorthand "?
(babel)             in language  on input line 1275.
Package babel Info: Redefining spanish shorthand <<
(babel)             in language  on input line 1293.
Package babel Info: Redefining spanish shorthand >>
(babel)             in language  on input line 1293.
Package babel Info: Redefining spanish shorthand "=
(babel)             in language  on input line 1293.
Package babel Info: Redefining spanish shorthand "~
(babel)             in language  on input line 1293.
Package babel Info: Redefining spanish shorthand "!
(babel)             in language  on input line 1293.
Package babel Info: Redefining spanish shorthand "?
(babel)             in language  on input line 1293.
Package babel Info: Redefining spanish shorthand <<
(babel)             in language  on input line 1319.
Package babel Info: Redefining spanish shorthand >>
(babel)             in language  on input line 1319.
Package babel Info: Redefining spanish shorthand "=
(babel)             in language  on input line 1319.
Package babel Info: Redefining spanish shorthand "~
(babel)             in language  on input line 1319.
Package babel Info: Redefining spanish shorthand "!
(babel)             in language  on input line 1319.
Package babel Info: Redefining spanish shorthand "?
(babel)             in language  on input line 1319.
Package babel Info: Redefining spanish shorthand <<
(babel)             in language  on input line 1333.
Package babel Info: Redefining spanish shorthand >>
(babel)             in language  on input line 1333.
Package babel Info: Redefining spanish shorthand "=
(babel)             in language  on input line 1333.
Package babel Info: Redefining spanish shorthand "~
(babel)             in language  on input line 1333.
Package babel Info: Redefining spanish shorthand "!
(babel)             in language  on input line 1333.
Package babel Info: Redefining spanish shorthand "?
(babel)             in language  on input line 1333.
Package babel Info: Redefining spanish shorthand <<
(babel)             in language  on input line 1333.
Package babel Info: Redefining spanish shorthand >>
(babel)             in language  on input line 1333.
Package babel Info: Redefining spanish shorthand "=
(babel)             in language  on input line 1333.
Package babel Info: Redefining spanish shorthand "~
(babel)             in language  on input line 1333.
Package babel Info: Redefining spanish shorthand "!
(babel)             in language  on input line 1333.
Package babel Info: Redefining spanish shorthand "?
(babel)             in language  on input line 1333.
 [12]
Package babel Info: Redefining spanish shorthand <<
(babel)             in language  on input line 1432.
Package babel Info: Redefining spanish shorthand >>
(babel)             in language  on input line 1432.
Package babel Info: Redefining spanish shorthand "=
(babel)             in language  on input line 1432.
Package babel Info: Redefining spanish shorthand "~
(babel)             in language  on input line 1432.
Package babel Info: Redefining spanish shorthand "!
(babel)             in language  on input line 1432.
Package babel Info: Redefining spanish shorthand "?
(babel)             in language  on input line 1432.
Package babel Info: Redefining spanish shorthand <<
(babel)             in language  on input line 1432.
Package babel Info: Redefining spanish shorthand >>
(babel)             in language  on input line 1432.
Package babel Info: Redefining spanish shorthand "=
(babel)             in language  on input line 1432.
Package babel Info: Redefining spanish shorthand "~
(babel)             in language  on input line 1432.
Package babel Info: Redefining spanish shorthand "!
(babel)             in language  on input line 1432.
Package babel Info: Redefining spanish shorthand "?
(babel)             in language  on input line 1432.
 [13]
Package babel Info: Redefining spanish shorthand <<
(babel)             in language  on input line 1872.
Package babel Info: Redefining spanish shorthand >>
(babel)             in language  on input line 1872.
Package babel Info: Redefining spanish shorthand "=
(babel)             in language  on input line 1872.
Package babel Info: Redefining spanish shorthand "~
(babel)             in language  on input line 1872.
Package babel Info: Redefining spanish shorthand "!
(babel)             in language  on input line 1872.
Package babel Info: Redefining spanish shorthand "?
(babel)             in language  on input line 1872.
Package babel Info: Redefining spanish shorthand <<
(babel)             in language  on input line 1872.
Package babel Info: Redefining spanish shorthand >>
(babel)             in language  on input line 1872.
Package babel Info: Redefining spanish shorthand "=
(babel)             in language  on input line 1872.
Package babel Info: Redefining spanish shorthand "~
(babel)             in language  on input line 1872.
Package babel Info: Redefining spanish shorthand "!
(babel)             in language  on input line 1872.
Package babel Info: Redefining spanish shorthand "?
(babel)             in language  on input line 1872.
Package babel Info: Redefining spanish shorthand <<
(babel)             in language  on input line 1872.
Package babel Info: Redefining spanish shorthand >>
(babel)             in language  on input line 1872.
Package babel Info: Redefining spanish shorthand "=
(babel)             in language  on input line 1872.
Package babel Info: Redefining spanish shorthand "~
(babel)             in language  on input line 1872.
Package babel Info: Redefining spanish shorthand "!
(babel)             in language  on input line 1872.
Package babel Info: Redefining spanish shorthand "?
(babel)             in language  on input line 1872.
Package babel Info: Redefining spanish shorthand <<
(babel)             in language  on input line 1872.
Package babel Info: Redefining spanish shorthand >>
(babel)             in language  on input line 1872.
Package babel Info: Redefining spanish shorthand "=
(babel)             in language  on input line 1872.
Package babel Info: Redefining spanish shorthand "~
(babel)             in language  on input line 1872.
Package babel Info: Redefining spanish shorthand "!
(babel)             in language  on input line 1872.
Package babel Info: Redefining spanish shorthand "?
(babel)             in language  on input line 1872.
Package babel Info: Redefining spanish shorthand <<
(babel)             in language  on input line 1872.
Package babel Info: Redefining spanish shorthand >>
(babel)             in language  on input line 1872.
Package babel Info: Redefining spanish shorthand "=
(babel)             in language  on input line 1872.
Package babel Info: Redefining spanish shorthand "~
(babel)             in language  on input line 1872.
Package babel Info: Redefining spanish shorthand "!
(babel)             in language  on input line 1872.
Package babel Info: Redefining spanish shorthand "?
(babel)             in language  on input line 1872.
 [14]
Package babel Info: Redefining spanish shorthand <<
(babel)             in language  on input line 1872.
Package babel Info: Redefining spanish shorthand >>
(babel)             in language  on input line 1872.
Package babel Info: Redefining spanish shorthand "=
(babel)             in language  on input line 1872.
Package babel Info: Redefining spanish shorthand "~
(babel)             in language  on input line 1872.
Package babel Info: Redefining spanish shorthand "!
(babel)             in language  on input line 1872.
Package babel Info: Redefining spanish shorthand "?
(babel)             in language  on input line 1872.
Package babel Info: Redefining spanish shorthand <<
(babel)             in language  on input line 1872.
Package babel Info: Redefining spanish shorthand >>
(babel)             in language  on input line 1872.
Package babel Info: Redefining spanish shorthand "=
(babel)             in language  on input line 1872.
Package babel Info: Redefining spanish shorthand "~
(babel)             in language  on input line 1872.
Package babel Info: Redefining spanish shorthand "!
(babel)             in language  on input line 1872.
Package babel Info: Redefining spanish shorthand "?
(babel)             in language  on input line 1872.
Package babel Info: Redefining spanish shorthand <<
(babel)             in language  on input line 1872.
Package babel Info: Redefining spanish shorthand >>
(babel)             in language  on input line 1872.
Package babel Info: Redefining spanish shorthand "=
(babel)             in language  on input line 1872.
Package babel Info: Redefining spanish shorthand "~
(babel)             in language  on input line 1872.
Package babel Info: Redefining spanish shorthand "!
(babel)             in language  on input line 1872.
Package babel Info: Redefining spanish shorthand "?
(babel)             in language  on input line 1872.
 [15]
Package babel Info: Redefining spanish shorthand <<
(babel)             in language  on input line 1907.
Package babel Info: Redefining spanish shorthand >>
(babel)             in language  on input line 1907.
Package babel Info: Redefining spanish shorthand "=
(babel)             in language  on input line 1907.
Package babel Info: Redefining spanish shorthand "~
(babel)             in language  on input line 1907.
Package babel Info: Redefining spanish shorthand "!
(babel)             in language  on input line 1907.
Package babel Info: Redefining spanish shorthand "?
(babel)             in language  on input line 1907.
Package babel Info: Redefining spanish shorthand <<
(babel)             in language  on input line 1912.
Package babel Info: Redefining spanish shorthand >>
(babel)             in language  on input line 1912.
Package babel Info: Redefining spanish shorthand "=
(babel)             in language  on input line 1912.
Package babel Info: Redefining spanish shorthand "~
(babel)             in language  on input line 1912.
Package babel Info: Redefining spanish shorthand "!
(babel)             in language  on input line 1912.
Package babel Info: Redefining spanish shorthand "?
(babel)             in language  on input line 1912.
Package babel Info: Redefining spanish shorthand <<
(babel)             in language  on input line 1912.
Package babel Info: Redefining spanish shorthand >>
(babel)             in language  on input line 1912.
Package babel Info: Redefining spanish shorthand "=
(babel)             in language  on input line 1912.
Package babel Info: Redefining spanish shorthand "~
(babel)             in language  on input line 1912.
Package babel Info: Redefining spanish shorthand "!
(babel)             in language  on input line 1912.
Package babel Info: Redefining spanish shorthand "?
(babel)             in language  on input line 1912.
 [16]
Package babel Info: Redefining spanish shorthand <<
(babel)             in language  on input line 1916.
Package babel Info: Redefining spanish shorthand >>
(babel)             in language  on input line 1916.
Package babel Info: Redefining spanish shorthand "=
(babel)             in language  on input line 1916.
Package babel Info: Redefining spanish shorthand "~
(babel)             in language  on input line 1916.
Package babel Info: Redefining spanish shorthand "!
(babel)             in language  on input line 1916.
Package babel Info: Redefining spanish shorthand "?
(babel)             in language  on input line 1916.

Overfull \hbox (4.62164pt too wide) in paragraph at lines 1929--1930
[]\T1/ptm/m/n/10.95 7 jul. 1995, ``Ma-sa-cre en Aguas Blan-cas, Gro.'' Ra-dio U
NAM, Mé-xi-co DF (\T1/ptm/m/sc/10.95 fm96.1mh\T1/ptm/m/n/10.95 z y \T1/ptm/m/sc
/10.95 am860kh\T1/ptm/m/n/10.95 z). 
 []


Overfull \hbox (5.19743pt too wide) in paragraph at lines 1931--1932
[]\T1/ptm/m/n/10.95 30 jun. 1995, ``Re-le-van a Es-te-ban Moc-te-zu-ma'' Ra-dio
 UNAM, Mé-xi-co DF (\T1/ptm/m/sc/10.95 fm96.1mh\T1/ptm/m/n/10.95 z y \T1/ptm/m/
sc/10.95 am860kh\T1/ptm/m/n/10.95 z). 
 []

Package babel Info: Redefining spanish shorthand <<
(babel)             in language  on input line 1939.
Package babel Info: Redefining spanish shorthand >>
(babel)             in language  on input line 1939.
Package babel Info: Redefining spanish shorthand "=
(babel)             in language  on input line 1939.
Package babel Info: Redefining spanish shorthand "~
(babel)             in language  on input line 1939.
Package babel Info: Redefining spanish shorthand "!
(babel)             in language  on input line 1939.
Package babel Info: Redefining spanish shorthand "?
(babel)             in language  on input line 1939.
Package babel Info: Redefining spanish shorthand <<
(babel)             in language  on input line 1942.
Package babel Info: Redefining spanish shorthand >>
(babel)             in language  on input line 1942.
Package babel Info: Redefining spanish shorthand "=
(babel)             in language  on input line 1942.
Package babel Info: Redefining spanish shorthand "~
(babel)             in language  on input line 1942.
Package babel Info: Redefining spanish shorthand "!
(babel)             in language  on input line 1942.
Package babel Info: Redefining spanish shorthand "?
(babel)             in language  on input line 1942.
Package atveryend Info: Empty hook `BeforeClearDocument' on input line 1976.
Package babel Info: Redefining spanish shorthand <<
(babel)             in language  on input line 1976.
Package babel Info: Redefining spanish shorthand >>
(babel)             in language  on input line 1976.
Package babel Info: Redefining spanish shorthand "=
(babel)             in language  on input line 1976.
Package babel Info: Redefining spanish shorthand "~
(babel)             in language  on input line 1976.
Package babel Info: Redefining spanish shorthand "!
(babel)             in language  on input line 1976.
Package babel Info: Redefining spanish shorthand "?
(babel)             in language  on input line 1976.
Package babel Info: Redefining spanish shorthand <<
(babel)             in language  on input line 1976.
Package babel Info: Redefining spanish shorthand >>
(babel)             in language  on input line 1976.
Package babel Info: Redefining spanish shorthand "=
(babel)             in language  on input line 1976.
Package babel Info: Redefining spanish shorthand "~
(babel)             in language  on input line 1976.
Package babel Info: Redefining spanish shorthand "!
(babel)             in language  on input line 1976.
Package babel Info: Redefining spanish shorthand "?
(babel)             in language  on input line 1976.
[17]
Package atveryend Info: Empty hook `AfterLastShipout' on input line 1976.
 (./cvEspanol.aux
LaTeX Info: Redefining \. on input line 23.
LaTeX Info: Redefining \% on input line 23.
LaTeX Info: Redefining \. on input line 27.
LaTeX Info: Redefining \% on input line 27.
)
Package atveryend Info: Executing hook `AtVeryEndDocument' on input line 1976.
Package atveryend Info: Executing hook `AtEndAfterFileList' on input line 1976.

Package rerunfilecheck Info: File `cvEspanol.out' has not changed.
(rerunfilecheck)             Checksum: D8A867EB71EA0E64691A96F6B5DCC18A;2913.
Package atveryend Info: Empty hook `AtVeryVeryEnd' on input line 1976.
 ) 
Here is how much of TeX's memory you used:
 7688 strings out of 494868
 108629 string characters out of 6177991
 204912 words of memory out of 5000000
 10775 multiletter control sequences out of 15000+600000
 56926 words of font info for 88 fonts, out of 8000000 for 9000
 40 hyphenation exceptions out of 8191
 29i,5n,34p,646b,487s stack positions out of 5000i,500n,10000p,200000b,80000s
pdfTeX warning (dest): name{Item.199} has been referenced but does not exist,
 replaced by a fixed one

pdfTeX warning (dest): name{Item.99} has been referenced but does not exist, re
placed by a fixed one

pdfTeX warning (dest): name{Item.93} has been referenced but does not exist, re
placed by a fixed one

pdfTeX warning (dest): name{Item.90} has been referenced but does not exist, re
placed by a fixed one

pdfTeX warning (dest): name{Item.22} has been referenced but does not exist, re
placed by a fixed one

pdfTeX warning (dest): name{Item.68} has been referenced but does not exist, re
placed by a fixed one

pdfTeX warning (dest): name{Item.195} has been referenced but does not exist, r
eplaced by a fixed one

pdfTeX warning (dest): name{Item.19} has been referenced but does not exist, re
placed by a fixed one

pdfTeX warning (dest): name{Item.63} has been referenced but does not exist, re
placed by a fixed one

pdfTeX warning (dest): name{Item.192} has been referenced but does not exist, r
eplaced by a fixed one

pdfTeX warning (dest): name{Item.148} has been referenced but does not exist, r
eplaced by a fixed one

pdfTeX warning (dest): name{Item.61} has been referenced but does not exist, re
placed by a fixed one

pdfTeX warning (dest): name{Item.57} has been referenced but does not exist, re
placed by a fixed one

pdfTeX warning (dest): name{Item.54} has been referenced but does not exist, re
placed by a fixed one

pdfTeX warning (dest): name{Item.25} has been referenced but does not exist, re
placed by a fixed one

pdfTeX warning (dest): name{Item.12} has been referenced but does not exist, re
placed by a fixed one

pdfTeX warning (dest): name{Item.7} has been referenced but does not exist, rep
laced by a fixed one

pdfTeX warning (dest): name{Item.1} has been referenced but does not exist, rep
laced by a fixed one

pdfTeX warning (dest): name{Item.78} has been referenced but does not exist, re
placed by a fixed one

{/usr/share/texlive/texmf-dist/fonts/enc/dvips/base/8r.enc}</usr/share/texlive/
texmf-dist/fonts/type1/public/amsfonts/cm/cmsy10.pfb></usr/share/texlive/texmf-
dist/fonts/type1/urw/courier/ucrr8a.pfb></usr/share/texlive/texmf-dist/fonts/ty
pe1/urw/times/utmb8a.pfb></usr/share/texlive/texmf-dist/fonts/type1/urw/times/u
tmr8a.pfb></usr/share/texlive/texmf-dist/fonts/type1/urw/times/utmri8a.pfb>
Output written on cvEspanol.pdf (17 pages, 131952 bytes).
PDF statistics:
 478 PDF objects out of 1000 (max. 8388607)
 449 compressed objects within 5 object streams
 80 named destinations out of 1000 (max. 500000)
 345 words of extra memory for PDF output out of 10000 (max. 10000000)

